[2015-10-30 19:31:34] START
[2015-10-30 19:31:34] EDIT welcome/controllers/default.py: 0
[2015-10-30 19:32:43] EDIT welcome/controllers/default.py: 0
[2015-10-30 19:32:45] EDIT welcome/controllers/default.py: 0
[2015-11-13 09:43:11] EDIT Glassic/views/default/index.html: -37
[2015-11-13 09:43:29] EDIT Glassic/views/default/index.html: -1
[2015-11-13 09:43:54] EDIT Glassic/views/default/index.html: -8
[2015-11-13 09:43:56] EDIT Glassic/views/default/index.html: 0
[2015-11-13 09:44:06] EDIT Glassic/views/default/index.html: 0
[2015-11-13 09:45:09] EDIT Glassic/views/default/index.html: 0
[2015-11-13 09:46:07] EDIT Glassic/models/menu.py: 0
[2015-11-13 09:55:36] UPLOAD /home/utsav/Documents/SCE_Project/web2py/applications/Glassic/static/images/LargeLogo.png: 27
[2015-11-13 10:01:47] EDIT Glassic/views/default/index.html: 2
[2015-11-13 10:02:03] EDIT Glassic/views/default/index.html: 3
[2015-11-13 10:02:05] EDIT Glassic/views/default/index.html: 0
[2015-11-13 10:02:06] EDIT Glassic/views/default/index.html: 0
[2015-11-13 10:02:17] EDIT Glassic/views/default/index.html: 0
[2015-11-13 10:02:26] EDIT Glassic/views/default/index.html: 1
[2015-11-13 10:02:30] EDIT Glassic/views/default/index.html: 1
[2015-11-13 10:02:35] EDIT Glassic/views/default/index.html: 0
[2015-11-13 10:03:34] EDIT Glassic/views/default/index.html: 0
[2015-11-13 10:03:38] EDIT Glassic/views/default/index.html: 0
[2015-11-13 10:04:07] EDIT Glassic/views/default/index.html: 0
[2015-11-13 10:04:12] EDIT Glassic/views/default/index.html: 0
[2015-11-13 10:04:22] EDIT Glassic/views/default/index.html: 0
[2015-11-13 10:07:56] EDIT Glassic/views/default/index.html: 0
[2015-11-13 10:08:04] EDIT Glassic/views/default/index.html: 0
[2015-11-13 10:08:35] EDIT Glassic/views/default/index.html: 0
[2015-11-13 10:08:41] EDIT Glassic/views/default/index.html: 0
[2015-11-13 10:08:53] EDIT Glassic/views/default/index.html: 0
[2015-11-13 10:08:55] EDIT Glassic/views/default/index.html: 0
[2015-11-13 10:09:02] EDIT Glassic/views/default/index.html: 0
[2015-11-13 10:09:06] EDIT Glassic/views/default/index.html: 0
[2015-11-13 10:09:08] EDIT Glassic/views/default/index.html: 1
[2015-11-13 10:10:28] EDIT Glassic/views/default/index.html: 0
[2015-11-13 10:10:31] EDIT Glassic/views/default/index.html: 0
[2015-11-13 10:10:38] EDIT Glassic/views/default/index.html: 0
[2015-11-13 10:10:55] EDIT Glassic/views/default/index.html: 0
[2015-11-13 10:11:03] EDIT Glassic/views/default/index.html: 2
[2015-11-13 10:11:08] EDIT Glassic/views/default/index.html: 0
[2015-11-13 10:11:12] EDIT Glassic/views/default/index.html: 0
[2015-11-13 10:11:22] EDIT Glassic/views/default/index.html: 0
[2015-11-13 10:11:34] EDIT Glassic/views/default/index.html: 1
[2015-11-13 10:12:04] EDIT Glassic/views/default/index.html: 0
[2015-11-13 10:12:18] EDIT Glassic/views/default/index.html: 1
[2015-11-13 10:12:33] EDIT Glassic/views/default/index.html: 1
[2015-11-13 10:12:39] EDIT Glassic/views/default/index.html: 0
[2015-11-13 10:12:57] EDIT Glassic/views/default/index.html: 1
[2015-11-13 10:13:18] EDIT Glassic/views/default/index.html: 4
[2015-11-13 10:13:27] EDIT Glassic/views/default/index.html: 0
[2015-11-13 10:13:29] EDIT Glassic/views/default/index.html: 0
[2015-11-13 10:13:40] EDIT Glassic/views/default/index.html: 0
[2015-11-13 10:13:49] EDIT Glassic/views/default/index.html: 0
[2015-11-13 10:14:18] EDIT Glassic/views/default/index.html: 0
[2015-11-13 10:14:24] EDIT Glassic/views/default/index.html: 0
[2015-11-13 10:14:32] EDIT Glassic/views/default/index.html: 0
[2015-11-13 10:14:46] EDIT Glassic/views/default/index.html: 0
[2015-11-13 10:14:51] EDIT Glassic/views/default/index.html: 0
[2015-11-13 10:15:18] EDIT Glassic/views/default/index.html: 0
[2015-11-13 10:15:30] EDIT Glassic/views/default/index.html: 0
[2015-11-13 10:15:47] EDIT Glassic/views/default/index.html: 0
[2015-11-13 10:15:58] EDIT Glassic/views/default/index.html: 0
[2015-11-13 10:16:18] EDIT Glassic/views/default/index.html: -1
[2015-11-13 10:16:39] EDIT Glassic/views/default/index.html: 0
[2015-11-13 10:16:42] EDIT Glassic/views/default/index.html: 0
[2015-11-13 10:19:38] EDIT Glassic/views/default/index.html: 0
[2015-11-13 10:19:48] EDIT Glassic/views/default/index.html: 0
[2015-11-13 10:20:56] EDIT Glassic/views/default/index.html: 0
[2015-11-13 10:22:51] EDIT Glassic/views/default/index.html: 0
[2015-11-13 10:22:58] EDIT Glassic/views/default/index.html: 0
[2015-11-13 10:40:29] EDIT Glassic/models/db.py: 0
[2015-11-13 10:45:32] EDIT Glassic/models/db.py: 1
[2015-11-13 10:45:41] EDIT Glassic/models/db.py: 1
[2015-11-13 10:46:17] EDIT Glassic/models/db.py: 0
[2015-11-13 10:47:07] EDIT Glassic/models/db.py: 0
[2015-11-13 10:47:21] EDIT Glassic/models/db.py: 1
[2015-11-13 10:47:34] EDIT Glassic/models/db.py: 0
[2015-11-13 10:49:24] EDIT Glassic/models/db.py: 0
[2015-11-13 10:49:26] EDIT Glassic/models/db.py: 0
[2015-11-13 11:01:14] EDIT Glassic/models/db.py: -3
[2015-11-13 11:01:19] EDIT Glassic/models/db.py: 0
[2015-11-13 11:58:24] EDIT Glassic/views/layout.html: 0
[2015-11-13 12:21:45] EDIT Glassic/models/db.py: 5
[2015-11-13 12:24:41] EDIT Glassic/models/db.py: 1
[2015-11-13 12:25:08] EDIT Glassic/models/db.py: 0
[2015-11-13 12:27:07] EDIT Glassic/models/db.py: 0
[2015-11-13 12:28:01] EDIT Glassic/models/db.py: -1
[2015-11-13 12:33:35] EDIT Glassic/models/db.py: 1
[2015-11-13 12:33:40] EDIT Glassic/models/db.py: 0
[2015-11-13 12:34:18] EDIT Glassic/models/db.py: 0
[2015-11-13 12:34:31] EDIT Glassic/models/db.py: 0
[2015-11-13 12:34:51] EDIT Glassic/models/db.py: 0
[2015-11-13 12:36:37] EDIT Glassic/models/db.py: 1
[2015-11-13 12:48:49] EDIT Glassic/models/db.py: 1
[2015-11-13 12:48:51] EDIT Glassic/models/db.py: 0
[2015-11-13 12:49:32] EDIT Glassic/models/db.py: 1
[2015-11-13 12:50:28] EDIT Glassic/models/db.py: 0
[2015-11-13 12:51:02] EDIT Glassic/models/db.py: 0
[2015-11-13 12:51:04] EDIT Glassic/models/db.py: 0
[2015-11-13 12:51:05] EDIT Glassic/models/db.py: 0
[2015-11-13 12:52:22] EDIT Glassic/models/db.py: 1
[2015-11-13 12:52:26] EDIT Glassic/models/db.py: -1
[2015-11-13 12:52:49] EDIT Glassic/models/db.py: 0
[2015-11-13 12:53:34] EDIT Glassic/models/db.py: 0
[2015-11-13 12:53:42] EDIT Glassic/models/db.py: 0
[2015-11-13 12:54:06] EDIT Glassic/models/db.py: 0
[2015-11-13 12:54:18] EDIT Glassic/models/db.py: 0
[2015-11-13 12:54:50] EDIT Glassic/models/db.py: 0
[2015-11-13 12:55:25] EDIT Glassic/models/db.py: -1
[2015-11-13 12:56:02] EDIT Glassic/models/db.py: -1
[2015-11-13 12:56:05] EDIT Glassic/models/db.py: 2
[2015-11-13 12:56:34] EDIT Glassic/models/db.py: 0
[2015-11-13 13:07:50] EDIT Glassic/models/menu.py: 1
[2015-11-13 13:08:13] EDIT Glassic/models/menu.py: 0
[2015-11-13 13:08:20] EDIT Glassic/models/menu.py: 0
[2015-11-13 13:08:27] EDIT Glassic/models/menu.py: 0
[2015-11-13 13:08:40] EDIT Glassic/models/menu.py: 0
[2015-11-13 13:09:11] EDIT Glassic/models/menu.py: 0
[2015-11-13 13:09:39] EDIT Glassic/models/menu.py: 0
[2015-11-13 13:10:03] EDIT Glassic/models/menu.py: 0
[2015-11-13 13:10:47] EDIT Glassic/models/menu.py: 1
[2015-11-13 13:11:03] EDIT Glassic/models/menu.py: 0
[2015-11-13 13:11:06] EDIT Glassic/models/menu.py: 0
[2015-11-13 13:11:08] EDIT Glassic/models/menu.py: 0
[2015-11-13 13:16:21] EDIT Glassic/models/menu.py: 0
[2015-11-13 13:16:29] EDIT Glassic/models/menu.py: 0
[2015-11-13 13:16:59] EDIT Glassic/models/menu.py: 1
[2015-11-13 13:17:44] EDIT Glassic/models/menu.py: 2
[2015-11-13 13:17:51] EDIT Glassic/models/menu.py: 0
[2015-11-13 13:18:05] EDIT Glassic/models/menu.py: 0
[2015-11-13 13:19:51] EDIT Glassic/models/menu.py: 0
[2015-11-13 13:21:18] EDIT Glassic/models/menu.py: 0
[2015-11-13 13:22:34] EDIT Glassic/models/menu.py: 0
[2015-11-13 13:24:17] EDIT Glassic/models/menu.py: 2
[2015-11-13 13:24:18] EDIT Glassic/models/menu.py: 0
[2015-11-13 15:47:42] EDIT Glassic/models/menu.py: -1
[2015-11-13 15:47:51] EDIT Glassic/models/menu.py: -1
[2015-11-13 15:48:50] EDIT Glassic/models/menu.py: 0
[2015-11-13 15:52:00] EDIT Glassic/models/menu.py: 2
[2015-11-13 15:52:04] EDIT Glassic/models/menu.py: 0
[2015-11-13 15:58:28] EDIT Glassic/models/menu.py: -2
[2015-11-13 15:58:33] EDIT Glassic/models/menu.py: 0
[2015-11-13 15:58:37] EDIT Glassic/models/menu.py: -3
[2015-11-13 15:58:44] EDIT Glassic/models/menu.py: 1
[2015-11-13 15:58:46] EDIT Glassic/models/menu.py: 0
[2015-11-13 15:58:53] EDIT Glassic/models/menu.py: 1
[2015-11-13 15:58:57] EDIT Glassic/models/menu.py: 0
[2015-11-13 15:58:59] EDIT Glassic/models/menu.py: 0
[2015-11-13 15:59:05] EDIT Glassic/models/menu.py: 0
[2015-11-13 15:59:52] EDIT Glassic/models/menu.py: 3
[2015-11-13 15:59:53] EDIT Glassic/models/menu.py: 0
[2015-11-13 16:00:00] EDIT Glassic/models/menu.py: 3
[2015-11-13 16:00:03] EDIT Glassic/models/menu.py: 0
[2015-11-13 16:00:06] EDIT Glassic/models/menu.py: 0
[2015-11-13 16:00:14] EDIT Glassic/models/menu.py: 0
[2015-11-13 16:00:30] EDIT Glassic/models/menu.py: 0
[2015-11-13 16:00:37] EDIT Glassic/models/menu.py: 1
[2015-11-13 16:00:42] EDIT Glassic/models/menu.py: 0
[2015-11-13 16:00:53] EDIT Glassic/models/menu.py: 0
[2015-11-13 16:00:58] EDIT Glassic/models/menu.py: -6
[2015-11-13 16:01:01] EDIT Glassic/models/menu.py: 0
[2015-11-13 17:35:30] EDIT Glassic/models/menu.py: 5
[2015-11-13 17:35:41] EDIT Glassic/models/menu.py: 0
[2015-11-13 17:35:56] EDIT Glassic/models/menu.py: 0
[2015-11-13 17:36:02] EDIT Glassic/models/menu.py: 0
[2015-11-13 17:36:23] EDIT Glassic/models/menu.py: 1
[2015-11-13 17:36:27] EDIT Glassic/models/menu.py: 0
[2015-11-13 17:41:47] EDIT Glassic/models/menu.py: 0
[2015-11-13 17:41:51] EDIT Glassic/models/menu.py: 0
[2015-11-13 17:42:01] EDIT Glassic/models/menu.py: 1
[2015-11-13 17:42:26] EDIT Glassic/models/menu.py: 1
[2015-11-13 17:42:34] EDIT Glassic/models/menu.py: 0
[2015-11-13 17:42:38] EDIT Glassic/models/menu.py: 0
[2015-11-13 17:42:45] EDIT Glassic/models/menu.py: 0
[2015-11-13 17:42:51] EDIT Glassic/models/menu.py: 0
[2015-11-13 17:42:51] EDIT Glassic/models/menu.py: 0
[2015-11-13 17:42:55] EDIT Glassic/models/menu.py: 0
[2015-11-13 17:48:13] EDIT Glassic/models/menu.py: 0
[2015-11-13 17:48:36] EDIT Glassic/models/menu.py: 0
[2015-11-13 18:03:51] CREATE admin.py: 0
[2015-11-13 18:05:32] EDIT Glassic/controllers/admin.py: 0
[2015-11-13 18:05:35] EDIT Glassic/controllers/admin.py: 0
[2015-11-13 18:05:53] EDIT Glassic/controllers/admin.py: 1
[2015-11-13 18:05:55] EDIT Glassic/controllers/admin.py: 0
[2015-11-13 18:06:09] EDIT Glassic/controllers/admin.py: 2
[2015-11-13 18:07:14] EDIT Glassic/controllers/admin.py: 0
[2015-11-13 18:07:44] EDIT Glassic/models/menu.py: 0
[2015-11-13 18:07:54] EDIT Glassic/models/menu.py: 0
[2015-11-13 18:09:16] EDIT Glassic/controllers/admin.py: 0
[2015-11-13 18:13:00] EDIT Glassic/models/menu.py: 0
[2015-11-13 18:16:00] EDIT Glassic/models/menu.py: 1
[2015-11-13 18:16:02] EDIT Glassic/models/menu.py: 0
[2015-11-13 18:16:08] EDIT Glassic/models/menu.py: 0
[2015-11-13 18:16:15] EDIT Glassic/models/menu.py: 1
[2015-11-13 18:16:29] EDIT Glassic/models/menu.py: 1
[2015-11-13 18:16:36] EDIT Glassic/models/menu.py: 0
[2015-11-13 18:17:33] EDIT Glassic/controllers/admin.py: 0
[2015-11-13 18:17:37] EDIT Glassic/controllers/admin.py: 4
[2015-11-13 18:17:43] EDIT Glassic/controllers/admin.py: 0
[2015-11-13 18:17:55] EDIT Glassic/controllers/admin.py: 0
[2015-11-13 18:18:02] EDIT Glassic/controllers/admin.py: 0
[2015-11-13 18:19:58] CREATE db_app_tables.py: 0
[2015-11-13 18:20:23] EDIT Glassic/models/db_app_tables.py: 0
[2015-11-13 18:20:24] EDIT Glassic/models/db_app_tables.py: 8
[2015-11-13 18:20:33] EDIT Glassic/models/db_app_tables.py: 0
[2015-11-13 18:20:38] EDIT Glassic/models/db_app_tables.py: 0
[2015-11-13 18:23:02] EDIT Glassic/models/db_app_tables.py: 0
[2015-11-13 18:23:20] EDIT Glassic/models/db_app_tables.py: 1
[2015-11-13 18:23:28] EDIT Glassic/models/db_app_tables.py: 0
[2015-11-13 18:23:38] EDIT Glassic/models/db_app_tables.py: 1
[2015-11-13 18:23:43] EDIT Glassic/models/db_app_tables.py: 0
[2015-11-13 18:23:53] EDIT Glassic/models/db_app_tables.py: 1
[2015-11-13 18:24:15] EDIT Glassic/models/db_app_tables.py: 0
[2015-11-13 18:39:53] EDIT Glassic/models/db_app_tables.py: 1
[2015-11-13 18:39:57] EDIT Glassic/models/db_app_tables.py: 0
[2015-11-13 18:40:00] EDIT Glassic/models/db_app_tables.py: 1
[2015-11-13 18:40:07] EDIT Glassic/models/db_app_tables.py: 0
[2015-11-13 18:42:36] EDIT Glassic/models/db_app_tables.py: 0
[2015-11-13 18:42:39] EDIT Glassic/models/db_app_tables.py: 0
[2015-11-13 18:45:21] EDIT Glassic/models/db_app_tables.py: 1
[2015-11-13 18:45:34] EDIT Glassic/models/db_app_tables.py: -1
[2015-11-13 18:45:34] EDIT Glassic/models/db_app_tables.py: 0
[2015-11-13 18:45:41] EDIT Glassic/models/db_app_tables.py: 0
[2015-11-13 18:45:47] EDIT Glassic/models/db_app_tables.py: 2
[2015-11-13 18:46:46] EDIT Glassic/models/db_app_tables.py: 0
[2015-11-13 18:47:01] EDIT Glassic/models/db_app_tables.py: 0
[2015-11-13 18:47:10] EDIT Glassic/models/db_app_tables.py: 0
[2015-11-13 18:47:12] EDIT Glassic/models/db_app_tables.py: 0
[2015-11-13 18:47:26] EDIT Glassic/models/db_app_tables.py: 0
[2015-11-13 18:47:30] EDIT Glassic/models/db_app_tables.py: 0
[2015-11-13 18:47:33] EDIT Glassic/models/db_app_tables.py: 0
[2015-11-13 18:47:50] EDIT Glassic/models/db_app_tables.py: 2
[2015-11-13 18:47:55] EDIT Glassic/models/db_app_tables.py: 0
[2015-11-13 18:48:10] EDIT Glassic/models/db_app_tables.py: 0
[2015-11-13 18:48:13] EDIT Glassic/models/db_app_tables.py: 0
[2015-11-13 18:48:36] EDIT Glassic/models/db_app_tables.py: 0
[2015-11-13 18:48:43] EDIT Glassic/models/db_app_tables.py: 0
[2015-11-13 18:48:50] EDIT Glassic/models/db_app_tables.py: 0
[2015-11-13 18:49:03] EDIT Glassic/models/db_app_tables.py: 2
[2015-11-13 18:49:25] EDIT Glassic/models/db_app_tables.py: 0
[2015-11-13 18:49:58] EDIT Glassic/models/db_app_tables.py: 0
[2015-11-13 18:51:00] EDIT Glassic/models/db_app_tables.py: 0
[2015-11-13 18:51:02] EDIT Glassic/models/db_app_tables.py: 0
[2015-11-13 18:51:17] EDIT Glassic/models/db_app_tables.py: 0
[2015-11-13 18:51:48] EDIT Glassic/models/db_app_tables.py: 1
[2015-11-13 18:51:55] EDIT Glassic/models/db_app_tables.py: 0
[2015-11-13 18:52:09] EDIT Glassic/models/db_app_tables.py: 0
[2015-11-13 18:52:13] EDIT Glassic/models/db_app_tables.py: 0
[2015-11-13 18:52:26] EDIT Glassic/models/db_app_tables.py: 0
[2015-11-13 18:52:39] EDIT Glassic/models/db_app_tables.py: 2
[2015-11-13 18:52:47] EDIT Glassic/models/db_app_tables.py: 0
[2015-11-13 18:53:10] EDIT Glassic/models/db_app_tables.py: -1
[2015-11-13 18:53:18] EDIT Glassic/models/db_app_tables.py: 1
[2015-11-13 18:53:37] EDIT Glassic/models/db_app_tables.py: 0
[2015-11-13 18:59:33] EDIT Glassic/models/db_app_tables.py: 0
[2015-11-13 19:08:54] EDIT Glassic/models/db_app_tables.py: 1
[2015-11-13 19:08:59] EDIT Glassic/models/db_app_tables.py: 1
[2015-11-13 19:09:28] EDIT Glassic/models/db_app_tables.py: 0
[2015-11-13 19:21:13] EDIT Glassic/models/db_app_tables.py: -2
[2015-11-13 19:30:30] EDIT Glassic/models/db_app_tables.py: 0
[2015-11-13 19:31:41] EDIT Glassic/models/db_app_tables.py: 0
[2015-11-13 19:31:46] EDIT Glassic/models/db_app_tables.py: 0
[2015-11-13 19:31:54] EDIT Glassic/models/db_app_tables.py: 0
[2015-11-13 19:31:58] EDIT Glassic/models/db_app_tables.py: 0
[2015-11-13 19:33:17] EDIT Glassic/models/db_app_tables.py: 0
[2015-11-13 19:33:20] EDIT Glassic/models/db_app_tables.py: 0
[2015-11-13 19:33:30] EDIT Glassic/models/db_app_tables.py: 0
[2015-11-13 19:34:00] EDIT Glassic/models/db_app_tables.py: 0
[2015-11-13 19:34:06] EDIT Glassic/models/db_app_tables.py: 0
[2015-11-13 19:34:08] EDIT Glassic/models/db_app_tables.py: 0
[2015-11-13 19:34:11] EDIT Glassic/models/db_app_tables.py: 0
[2015-11-13 19:34:14] EDIT Glassic/models/db_app_tables.py: 0
[2015-11-13 19:34:31] EDIT Glassic/models/db_app_tables.py: 0
[2015-11-13 19:34:38] EDIT Glassic/models/db_app_tables.py: 0
[2015-11-13 19:34:42] EDIT Glassic/models/db_app_tables.py: 0
[2015-11-13 19:34:44] EDIT Glassic/models/db_app_tables.py: 0
[2015-11-13 19:34:46] EDIT Glassic/models/db_app_tables.py: 0
[2015-11-13 19:34:48] EDIT Glassic/models/db_app_tables.py: 0
[2015-11-13 19:34:52] EDIT Glassic/models/db_app_tables.py: 0
[2015-11-13 19:34:54] EDIT Glassic/models/db_app_tables.py: 0
[2015-11-13 19:34:56] EDIT Glassic/models/db_app_tables.py: 0
[2015-11-13 19:34:59] EDIT Glassic/models/db_app_tables.py: 0
[2015-11-13 19:35:06] EDIT Glassic/models/db_app_tables.py: 0
[2015-11-13 19:35:16] EDIT Glassic/models/db_app_tables.py: 0
[2015-11-13 19:35:18] EDIT Glassic/models/db_app_tables.py: 0
[2015-11-13 19:35:18] EDIT Glassic/models/db_app_tables.py: 0
[2015-11-13 19:35:57] EDIT Glassic/models/db_app_tables.py: 0
[2015-11-13 19:35:58] EDIT Glassic/models/db_app_tables.py: 0
[2015-11-13 19:36:32] EDIT Glassic/models/db_app_tables.py: -10
[2015-11-13 19:36:39] EDIT Glassic/models/db_app_tables.py: 10
[2015-11-13 19:37:14] EDIT Glassic/models/db_app_tables.py: 0
[2015-11-13 19:37:14] EDIT Glassic/models/db_app_tables.py: 0
[2015-11-13 19:37:14] EDIT Glassic/models/db_app_tables.py: 0
[2015-11-13 19:37:55] EDIT Glassic/models/db_app_tables.py: 0
[2015-11-13 19:37:55] EDIT Glassic/models/db_app_tables.py: 0
[2015-11-13 19:39:03] EDIT Glassic/models/db_app_tables.py: 2
[2015-11-13 19:39:05] EDIT Glassic/models/db_app_tables.py: 0
[2015-11-13 19:39:29] EDIT Glassic/models/db_app_tables.py: 0
[2015-11-13 19:39:36] EDIT Glassic/models/db_app_tables.py: 12
[2015-11-13 19:39:45] EDIT Glassic/models/db_app_tables.py: 0
[2015-11-13 19:39:50] EDIT Glassic/models/db_app_tables.py: 0
[2015-11-13 19:39:55] EDIT Glassic/models/db_app_tables.py: 0
[2015-11-13 19:40:02] EDIT Glassic/models/db_app_tables.py: 0
[2015-11-13 19:40:09] EDIT Glassic/models/db_app_tables.py: 0
[2015-11-13 19:40:12] EDIT Glassic/models/db_app_tables.py: 0
[2015-11-13 19:40:25] EDIT Glassic/models/db_app_tables.py: 0
[2015-11-13 19:40:29] EDIT Glassic/models/db_app_tables.py: 0
[2015-11-13 19:40:36] EDIT Glassic/models/db_app_tables.py: 0
[2015-11-13 19:40:49] EDIT Glassic/models/db_app_tables.py: 0
[2015-11-13 19:41:48] EDIT Glassic/models/db_app_tables.py: 0
[2015-11-13 19:41:54] EDIT Glassic/models/db_app_tables.py: -12
[2015-11-13 19:42:34] EDIT Glassic/models/db_app_tables.py: 12
[2015-11-13 19:43:16] EDIT Glassic/models/db_app_tables.py: -10
[2015-11-13 19:43:19] EDIT Glassic/models/db_app_tables.py: 0
[2015-11-13 19:43:57] EDIT Glassic/models/db_app_tables.py: 0
[2015-11-13 19:43:58] EDIT Glassic/models/db_app_tables.py: 0
[2015-11-13 19:44:03] EDIT Glassic/models/db_app_tables.py: 0
[2015-11-13 19:44:37] EDIT Glassic/models/db_app_tables.py: 0
[2015-11-13 19:44:53] EDIT Glassic/models/db_app_tables.py: 0
[2015-11-13 20:02:17] EDIT Glassic/models/db_app_tables.py: -2
[2015-11-13 20:02:18] EDIT Glassic/models/db_app_tables.py: 0
[2015-11-13 20:03:41] EDIT Glassic/models/db_app_tables.py: -1
[2015-11-13 20:03:44] EDIT Glassic/models/db_app_tables.py: -1
[2015-11-13 20:30:28] EDIT Glassic/views/layout.html: 0
[2015-11-13 20:30:32] EDIT Glassic/views/layout.html: 0
[2015-11-13 20:30:53] EDIT Glassic/controllers/default.py: -1
[2015-11-13 20:30:56] EDIT Glassic/controllers/default.py: 0
[2015-11-13 22:23:39] EDIT Glassic/controllers/default.py: 1
[2015-11-13 22:23:44] EDIT Glassic/controllers/default.py: 0
[2015-11-13 22:24:06] CREATE default/browseandshop.html: 0
[2015-11-13 22:24:19] EDIT Glassic/views/default/browseandshop.html: -2
[2015-11-13 22:25:18] EDIT Glassic/views/default/browseandshop.html: 1
[2015-11-13 22:25:23] EDIT Glassic/views/default/browseandshop.html: 1
[2015-11-13 22:25:26] EDIT Glassic/views/default/browseandshop.html: 0
[2015-11-13 22:25:35] EDIT Glassic/views/default/index.html: 0
[2015-11-13 22:26:03] EDIT Glassic/views/default/browseandshop.html: 2
[2015-11-13 22:26:05] EDIT Glassic/views/default/browseandshop.html: 0
[2015-11-13 22:26:37] EDIT Glassic/views/default/browseandshop.html: 1
[2015-11-13 22:26:44] EDIT Glassic/views/default/browseandshop.html: 1
[2015-11-13 22:26:45] EDIT Glassic/views/default/browseandshop.html: 0
[2015-11-13 22:26:49] EDIT Glassic/views/default/browseandshop.html: 0
[2015-11-13 22:26:52] EDIT Glassic/views/default/browseandshop.html: 0
[2015-11-13 22:26:57] EDIT Glassic/views/default/browseandshop.html: 2
[2015-11-13 22:26:59] EDIT Glassic/views/default/browseandshop.html: 0
[2015-11-13 22:27:01] EDIT Glassic/views/default/browseandshop.html: 0
[2015-11-13 22:27:06] EDIT Glassic/views/default/browseandshop.html: 0
[2015-11-13 22:27:13] EDIT Glassic/views/default/browseandshop.html: 1
[2015-11-13 22:27:24] EDIT Glassic/views/default/browseandshop.html: -1
[2015-11-13 22:27:42] EDIT Glassic/views/default/browseandshop.html: 1
[2015-11-13 22:27:44] EDIT Glassic/views/default/browseandshop.html: 1
[2015-11-13 22:28:43] EDIT Glassic/views/default/browseandshop.html: 11
[2015-11-13 22:29:05] EDIT Glassic/views/default/browseandshop.html: -1
[2015-11-13 22:29:09] EDIT Glassic/views/default/browseandshop.html: 0
[2015-11-13 22:29:29] EDIT Glassic/views/default/browseandshop.html: 0
[2015-11-13 22:29:31] EDIT Glassic/views/default/browseandshop.html: 0
[2015-11-13 22:29:42] EDIT Glassic/views/default/browseandshop.html: 0
[2015-11-13 22:29:47] EDIT Glassic/views/default/browseandshop.html: 0
[2015-11-13 22:30:50] EDIT Glassic/models/menu.py: 0
[2015-11-13 22:31:23] EDIT Glassic/controllers/default.py: 1
[2015-11-13 22:31:29] EDIT Glassic/controllers/default.py: 0
[2015-11-13 22:33:46] EDIT Glassic/views/default/browseandshop.html: -18
[2015-11-13 22:34:00] EDIT Glassic/views/default/browseandshop.html: 1
[2015-11-13 22:34:46] EDIT Glassic/controllers/default.py: 0
[2015-11-13 22:35:01] EDIT Glassic/views/default/browseandshop.html: 17
[2015-11-13 22:37:57] EDIT Glassic/views/default/browseandshop.html: -18
[2015-11-13 22:38:02] EDIT Glassic/views/default/browseandshop.html: 5
[2015-11-13 22:38:47] EDIT Glassic/views/default/browseandshop.html: 9
[2015-11-13 22:38:48] EDIT Glassic/views/default/browseandshop.html: 0
[2015-11-13 22:40:00] EDIT Glassic/views/default/browseandshop.html: -6
[2015-11-13 22:40:10] EDIT Glassic/views/default/browseandshop.html: 0
[2015-11-13 22:41:02] EDIT Glassic/views/default/browseandshop.html: 0
[2015-11-13 22:41:13] EDIT Glassic/views/default/browseandshop.html: 1
[2015-11-13 22:41:20] EDIT Glassic/views/default/browseandshop.html: 1
[2015-11-13 22:41:50] EDIT Glassic/views/default/browseandshop.html: 3
[2015-11-13 22:41:54] EDIT Glassic/views/default/browseandshop.html: 0
[2015-11-13 22:41:58] EDIT Glassic/views/default/browseandshop.html: 0
[2015-11-13 22:42:03] EDIT Glassic/views/default/browseandshop.html: 1
[2015-11-13 22:42:07] EDIT Glassic/views/default/browseandshop.html: 0
[2015-11-13 22:42:19] EDIT Glassic/views/default/browseandshop.html: -8
[2015-11-13 22:42:31] EDIT Glassic/views/default/browseandshop.html: 9
[2015-11-13 22:42:54] EDIT Glassic/views/default/browseandshop.html: 0
[2015-11-13 22:43:01] EDIT Glassic/views/default/browseandshop.html: 0
[2015-11-13 22:43:06] EDIT Glassic/views/default/browseandshop.html: -1
[2015-11-13 22:43:10] EDIT Glassic/views/default/browseandshop.html: 0
[2015-11-13 22:43:37] EDIT Glassic/views/default/browseandshop.html: 0
[2015-11-13 22:44:04] EDIT Glassic/views/default/browseandshop.html: 0
[2015-11-13 22:44:10] EDIT Glassic/views/default/browseandshop.html: 0
[2015-11-13 22:44:12] EDIT Glassic/views/default/browseandshop.html: 0
[2015-11-13 22:56:46] EDIT Glassic/views/default/browseandshop.html: -8
[2015-11-13 22:57:41] EDIT Glassic/views/default/browseandshop.html: 0
[2015-11-13 22:58:28] EDIT Glassic/views/default/browseandshop.html: 1
[2015-11-13 22:58:39] EDIT Glassic/views/default/browseandshop.html: 1
[2015-11-13 23:00:14] EDIT Glassic/views/default/browseandshop.html: 5
[2015-11-13 23:00:38] EDIT Glassic/views/default/browseandshop.html: -10
[2015-11-13 23:00:44] EDIT Glassic/views/default/browseandshop.html: -1
[2015-11-13 23:02:44] EDIT Glassic/views/default/browseandshop.html: 12
[2015-11-13 23:06:10] EDIT Glassic/views/default/browseandshop.html: 1
[2015-11-13 23:06:32] EDIT Glassic/views/default/browseandshop.html: 4
[2015-11-13 23:06:38] EDIT Glassic/views/default/browseandshop.html: 1
[2015-11-13 23:06:46] EDIT Glassic/views/default/browseandshop.html: 0
[2015-11-13 23:06:57] EDIT Glassic/views/default/browseandshop.html: 0
[2015-11-13 23:07:37] EDIT Glassic/views/default/browseandshop.html: -2
[2015-11-13 23:07:43] EDIT Glassic/views/default/browseandshop.html: 0
[2015-11-13 23:07:51] EDIT Glassic/views/default/browseandshop.html: 0
[2015-11-13 23:07:59] EDIT Glassic/views/default/browseandshop.html: 0
[2015-11-13 23:08:06] EDIT Glassic/views/default/browseandshop.html: 0
[2015-11-13 23:08:35] EDIT Glassic/views/default/browseandshop.html: 0
[2015-11-13 23:09:17] EDIT Glassic/views/default/browseandshop.html: -1
[2015-11-13 23:09:28] EDIT Glassic/views/default/browseandshop.html: 0
[2015-11-13 23:09:31] EDIT Glassic/views/default/browseandshop.html: 0
[2015-11-13 23:09:33] EDIT Glassic/views/default/browseandshop.html: 0
[2015-11-13 23:11:04] EDIT Glassic/views/default/browseandshop.html: 0
[2015-11-13 23:11:52] EDIT Glassic/views/default/browseandshop.html: -2
[2015-11-13 23:12:01] EDIT Glassic/views/default/browseandshop.html: 0
[2015-11-13 23:12:09] EDIT Glassic/views/default/browseandshop.html: 0
[2015-11-13 23:12:13] EDIT Glassic/views/default/browseandshop.html: 0
[2015-11-13 23:12:15] EDIT Glassic/views/default/browseandshop.html: 0
[2015-11-13 23:12:56] EDIT Glassic/views/default/browseandshop.html: 0
[2015-11-13 23:14:41] EDIT Glassic/views/default/browseandshop.html: 1
[2015-11-13 23:17:47] EDIT Glassic/views/default/browseandshop.html: 2
[2015-11-13 23:17:48] EDIT Glassic/views/default/browseandshop.html: 0
[2015-11-13 23:17:50] EDIT Glassic/views/default/browseandshop.html: 0
[2015-11-13 23:18:18] EDIT Glassic/views/default/browseandshop.html: 0
[2015-11-13 23:18:41] EDIT Glassic/views/default/browseandshop.html: 0
[2015-11-13 23:18:44] EDIT Glassic/views/default/browseandshop.html: 1
[2015-11-13 23:20:34] EDIT Glassic/views/default/browseandshop.html: 0
[2015-11-13 23:21:11] EDIT Glassic/views/default/browseandshop.html: 3
[2015-11-13 23:21:35] EDIT Glassic/views/default/browseandshop.html: 0
[2015-11-13 23:21:56] EDIT Glassic/views/default/browseandshop.html: 0
[2015-11-13 23:22:01] EDIT Glassic/views/default/browseandshop.html: 0
[2015-11-13 23:23:46] EDIT Glassic/views/default/browseandshop.html: 15
[2015-11-13 23:24:01] EDIT Glassic/views/default/browseandshop.html: 0
[2015-11-13 23:24:07] EDIT Glassic/views/default/browseandshop.html: -1
[2015-11-13 23:24:17] EDIT Glassic/views/default/browseandshop.html: 1
[2015-11-13 23:24:27] EDIT Glassic/views/default/browseandshop.html: 0
[2015-11-13 23:24:38] EDIT Glassic/views/default/browseandshop.html: 5
[2015-11-13 23:24:40] EDIT Glassic/views/default/browseandshop.html: 0
[2015-11-13 23:24:46] EDIT Glassic/views/default/browseandshop.html: 0
[2015-11-13 23:24:57] EDIT Glassic/views/default/browseandshop.html: 5
[2015-11-13 23:24:58] EDIT Glassic/views/default/browseandshop.html: 0
[2015-11-13 23:25:04] EDIT Glassic/views/default/browseandshop.html: 0
[2015-11-13 23:25:45] EDIT Glassic/views/default/browseandshop.html: 0
[2015-11-13 23:26:25] EDIT Glassic/views/default/browseandshop.html: -1
[2015-11-13 23:26:31] EDIT Glassic/views/default/browseandshop.html: 1
[2015-11-13 23:29:03] EDIT Glassic/views/default/browseandshop.html: -39
[2015-11-13 23:29:07] EDIT Glassic/views/default/browseandshop.html: 11
[2015-11-13 23:29:18] EDIT Glassic/views/default/browseandshop.html: 0
[2015-11-13 23:29:25] EDIT Glassic/views/default/browseandshop.html: -1
[2015-11-13 23:29:45] EDIT Glassic/views/default/browseandshop.html: -1
[2015-11-13 23:30:08] EDIT Glassic/views/default/browseandshop.html: -1
[2015-11-13 23:40:03] EDIT Glassic/models/db_app_tables.py: 0
[2015-11-13 23:40:13] EDIT Glassic/models/db_app_tables.py: 1
[2015-11-13 23:40:28] EDIT Glassic/models/db_app_tables.py: 0
[2015-11-13 23:40:39] EDIT Glassic/models/db_app_tables.py: 1
[2015-11-13 23:40:42] EDIT Glassic/models/db_app_tables.py: 1
[2015-11-13 23:40:47] EDIT Glassic/models/db_app_tables.py: 1
[2015-11-13 23:40:53] EDIT Glassic/models/db_app_tables.py: 1
[2015-11-13 23:40:59] EDIT Glassic/models/db_app_tables.py: 0
[2015-11-13 23:41:06] EDIT Glassic/models/db_app_tables.py: 0
[2015-11-13 23:41:08] EDIT Glassic/models/db_app_tables.py: 0
[2015-11-13 23:41:10] EDIT Glassic/models/db_app_tables.py: 0
[2015-11-13 23:41:36] EDIT Glassic/models/db_app_tables.py: 1
[2015-11-13 23:41:48] EDIT Glassic/models/db_app_tables.py: 0
[2015-11-13 23:42:07] EDIT Glassic/models/db_app_tables.py: 0
[2015-11-13 23:42:18] EDIT Glassic/models/db_app_tables.py: 0
[2015-11-13 23:42:31] EDIT Glassic/models/db_app_tables.py: 0
[2015-11-13 23:43:12] EDIT Glassic/models/db_app_tables.py: -1
[2015-11-13 23:43:14] EDIT Glassic/models/db_app_tables.py: 0
[2015-11-13 23:45:22] EDIT Glassic/views/default/browseandshop.html: 7
[2015-11-13 23:45:52] EDIT Glassic/views/default/browseandshop.html: -2
[2015-11-13 23:45:58] EDIT Glassic/views/default/browseandshop.html: 0
[2015-11-13 23:46:05] EDIT Glassic/views/default/browseandshop.html: 0
[2015-11-13 23:46:12] EDIT Glassic/views/default/browseandshop.html: -2
[2015-11-13 23:46:42] EDIT Glassic/views/default/browseandshop.html: 10
[2015-11-13 23:46:49] EDIT Glassic/views/default/browseandshop.html: 0
[2015-11-13 23:46:57] EDIT Glassic/views/default/browseandshop.html: 0
[2015-11-13 23:47:22] EDIT Glassic/views/default/browseandshop.html: 5
[2015-11-13 23:47:30] EDIT Glassic/views/default/browseandshop.html: 0
[2015-11-13 23:47:35] EDIT Glassic/views/default/browseandshop.html: 5
[2015-11-13 23:47:40] EDIT Glassic/views/default/browseandshop.html: 0
[2015-11-13 23:47:51] EDIT Glassic/views/default/browseandshop.html: 0
[2015-11-13 23:48:56] EDIT Glassic/views/default/browseandshop.html: 1
[2015-11-13 23:49:12] EDIT Glassic/views/default/browseandshop.html: -1
[2015-11-14 00:40:42] EDIT Glassic/views/default/browseandshop.html: 0
[2015-11-14 01:17:30] EDIT Glassic/views/default/browseandshop.html: -39
[2015-11-14 01:17:37] EDIT Glassic/controllers/default.py: 0
[2015-11-14 01:18:27] EDIT Glassic/controllers/default.py: 1
[2015-11-14 01:18:34] EDIT Glassic/controllers/default.py: 0
[2015-11-14 01:18:52] EDIT Glassic/controllers/default.py: 0
[2015-11-14 01:18:58] EDIT Glassic/controllers/default.py: 0
[2015-11-14 01:19:31] EDIT Glassic/controllers/default.py: 0
[2015-11-14 01:19:31] EDIT Glassic/controllers/default.py: 0
[2015-11-14 01:19:36] EDIT Glassic/controllers/default.py: 0
[2015-11-14 01:19:36] EDIT Glassic/controllers/default.py: 0
[2015-11-14 01:19:49] EDIT Glassic/controllers/default.py: 0
[2015-11-14 01:19:50] EDIT Glassic/controllers/default.py: 0
[2015-11-14 01:22:31] EDIT Glassic/views/default/browseandshop.html: 3
[2015-11-14 01:23:53] EDIT Glassic/controllers/default.py: 0
[2015-11-14 01:24:17] EDIT Glassic/controllers/default.py: 1
[2015-11-14 01:24:21] EDIT Glassic/controllers/default.py: 3
[2015-11-14 01:24:24] EDIT Glassic/controllers/default.py: 0
[2015-11-14 01:24:36] EDIT Glassic/controllers/default.py: 0
[2015-11-14 01:24:43] EDIT Glassic/controllers/default.py: 0
[2015-11-14 01:24:55] EDIT Glassic/controllers/default.py: 0
[2015-11-14 01:25:00] EDIT Glassic/controllers/default.py: 0
[2015-11-14 01:25:19] EDIT Glassic/controllers/default.py: 0
[2015-11-14 01:25:23] EDIT Glassic/controllers/default.py: 0
[2015-11-14 01:25:40] EDIT Glassic/controllers/default.py: 0
[2015-11-14 01:25:47] EDIT Glassic/controllers/default.py: 0
[2015-11-14 01:26:24] EDIT Glassic/views/default/browseandshop.html: 12
[2015-11-14 01:26:39] EDIT Glassic/views/default/browseandshop.html: 0
[2015-11-14 01:26:43] EDIT Glassic/views/default/browseandshop.html: 0
[2015-11-14 01:27:00] EDIT Glassic/views/default/browseandshop.html: 0
[2015-11-14 01:27:07] EDIT Glassic/views/default/browseandshop.html: 0
[2015-11-14 01:27:09] EDIT Glassic/views/default/browseandshop.html: 0
[2015-11-14 01:27:43] EDIT Glassic/views/default/browseandshop.html: 24
[2015-11-14 01:27:46] EDIT Glassic/views/default/browseandshop.html: 0
[2015-11-14 01:27:59] EDIT Glassic/views/default/browseandshop.html: -6
[2015-11-14 01:28:01] EDIT Glassic/views/default/browseandshop.html: 0
[2015-11-14 01:28:10] EDIT Glassic/views/default/browseandshop.html: 0
[2015-11-14 01:29:36] EDIT Glassic/views/default/browseandshop.html: 6
[2015-11-14 01:29:50] EDIT Glassic/views/default/browseandshop.html: 0
[2015-11-14 01:29:52] EDIT Glassic/views/default/browseandshop.html: 0
[2015-11-14 01:29:55] EDIT Glassic/views/default/browseandshop.html: 0
[2015-11-14 01:29:55] EDIT Glassic/views/default/browseandshop.html: 0
[2015-11-14 01:30:10] EDIT Glassic/views/default/browseandshop.html: -1
[2015-11-14 01:30:20] EDIT Glassic/views/default/browseandshop.html: -1
[2015-11-14 01:30:30] EDIT Glassic/views/default/browseandshop.html: 2
[2015-11-14 01:30:30] EDIT Glassic/views/default/browseandshop.html: 0
[2015-11-14 01:31:08] EDIT Glassic/views/default/browseandshop.html: 0
[2015-11-14 01:31:18] EDIT Glassic/views/default/browseandshop.html: 0
[2015-11-14 01:32:04] EDIT Glassic/views/default/browseandshop.html: 0
[2015-11-14 01:32:11] EDIT Glassic/views/default/browseandshop.html: 0
[2015-11-14 01:32:20] EDIT Glassic/views/default/browseandshop.html: 0
[2015-11-14 01:33:03] EDIT Glassic/views/default/browseandshop.html: 0
[2015-11-14 01:33:04] EDIT Glassic/views/default/browseandshop.html: 0
[2015-11-14 01:33:17] EDIT Glassic/views/default/browseandshop.html: 0
[2015-11-14 01:34:40] EDIT Glassic/views/default/browseandshop.html: 0
[2015-11-14 01:34:47] EDIT Glassic/views/default/browseandshop.html: 0
[2015-11-14 01:35:05] EDIT Glassic/views/default/browseandshop.html: 0
[2015-11-14 01:35:21] EDIT Glassic/views/default/browseandshop.html: 0
[2015-11-14 01:35:29] EDIT Glassic/views/default/browseandshop.html: 0
[2015-11-14 01:35:41] EDIT Glassic/views/default/browseandshop.html: 0
[2015-11-14 01:36:02] EDIT Glassic/views/default/browseandshop.html: 0
[2015-11-14 01:36:25] EDIT Glassic/views/default/browseandshop.html: 0
[2015-11-14 01:36:41] EDIT Glassic/views/default/browseandshop.html: 0
[2015-11-14 01:36:44] EDIT Glassic/views/default/browseandshop.html: 0
[2015-11-14 01:36:47] EDIT Glassic/views/default/browseandshop.html: 0
[2015-11-14 01:38:02] EDIT Glassic/views/default/browseandshop.html: 0
[2015-11-14 01:38:52] EDIT Glassic/views/default/browseandshop.html: 0
[2015-11-14 01:39:04] EDIT Glassic/views/default/browseandshop.html: 0
[2015-11-14 01:39:24] EDIT Glassic/views/default/browseandshop.html: -3
[2015-11-14 01:39:58] EDIT Glassic/views/default/browseandshop.html: 0
[2015-11-14 01:40:43] EDIT Glassic/views/default/browseandshop.html: 0
[2015-11-14 01:41:09] EDIT Glassic/views/default/browseandshop.html: 1
[2015-11-14 01:41:09] EDIT Glassic/views/default/browseandshop.html: 0
[2015-11-14 01:41:28] EDIT Glassic/views/default/browseandshop.html: 0
[2015-11-14 01:41:28] EDIT Glassic/views/default/browseandshop.html: 0
[2015-11-14 01:41:46] EDIT Glassic/views/default/browseandshop.html: 0
[2015-11-14 01:41:47] EDIT Glassic/views/default/browseandshop.html: 0
[2015-11-14 01:42:35] EDIT Glassic/views/default/browseandshop.html: -1
[2015-11-14 01:42:42] EDIT Glassic/views/default/browseandshop.html: 0
[2015-11-14 01:43:07] EDIT Glassic/views/default/browseandshop.html: 0
[2015-11-14 01:43:07] EDIT Glassic/views/default/browseandshop.html: 0
[2015-11-14 01:43:34] EDIT Glassic/views/default/browseandshop.html: 1
[2015-11-14 01:43:53] EDIT Glassic/views/default/browseandshop.html: 1
[2015-11-14 01:44:23] EDIT Glassic/views/default/browseandshop.html: 0
[2015-11-14 01:44:30] EDIT Glassic/views/default/browseandshop.html: 0
[2015-11-14 01:45:13] EDIT Glassic/views/default/browseandshop.html: 1
[2015-11-14 01:45:33] EDIT Glassic/views/default/browseandshop.html: 0
[2015-11-14 01:45:41] EDIT Glassic/views/default/browseandshop.html: 0
[2015-11-14 01:46:21] EDIT Glassic/views/default/browseandshop.html: 6
[2015-11-14 01:46:31] EDIT Glassic/views/default/browseandshop.html: 0
[2015-11-14 01:46:35] EDIT Glassic/views/default/browseandshop.html: 0
[2015-11-14 01:46:42] EDIT Glassic/views/default/browseandshop.html: 6
[2015-11-14 01:46:44] EDIT Glassic/views/default/browseandshop.html: 0
[2015-11-14 01:46:53] EDIT Glassic/views/default/browseandshop.html: 0
[2015-11-14 01:47:34] EDIT Glassic/views/default/browseandshop.html: 0
[2015-11-14 01:47:41] EDIT Glassic/views/default/browseandshop.html: 0
[2015-11-14 01:47:52] EDIT Glassic/views/default/browseandshop.html: -1
[2015-11-14 01:47:56] EDIT Glassic/views/default/browseandshop.html: 1
[2015-11-14 01:47:58] EDIT Glassic/views/default/browseandshop.html: 0
[2015-11-14 01:48:02] EDIT Glassic/views/default/browseandshop.html: 0
[2015-11-14 01:48:07] EDIT Glassic/views/default/browseandshop.html: 0
[2015-11-14 01:48:19] EDIT Glassic/views/default/browseandshop.html: 6
[2015-11-14 01:48:25] EDIT Glassic/views/default/browseandshop.html: 6
[2015-11-14 01:48:33] EDIT Glassic/views/default/browseandshop.html: 0
[2015-11-14 01:48:40] EDIT Glassic/views/default/browseandshop.html: 0
[2015-11-14 01:50:32] EDIT Glassic/views/default/browseandshop.html: -2
[2015-11-14 01:50:41] EDIT Glassic/views/default/browseandshop.html: 2
[2015-11-14 01:51:02] EDIT Glassic/views/default/browseandshop.html: 0
[2015-11-14 01:51:05] EDIT Glassic/views/default/browseandshop.html: 0
[2015-11-14 01:51:19] EDIT Glassic/views/default/browseandshop.html: 0
[2015-11-14 01:51:24] EDIT Glassic/views/default/browseandshop.html: -2
[2015-11-14 01:51:38] EDIT Glassic/views/default/browseandshop.html: 0
[2015-11-14 01:51:43] EDIT Glassic/views/default/browseandshop.html: -1
[2015-11-14 01:51:50] EDIT Glassic/views/default/browseandshop.html: -1
[2015-11-14 01:52:13] EDIT Glassic/views/default/browseandshop.html: 0
[2015-11-14 01:52:15] EDIT Glassic/views/default/browseandshop.html: 0
[2015-11-14 01:52:19] EDIT Glassic/views/default/browseandshop.html: 0
[2015-11-14 01:52:31] EDIT Glassic/views/default/browseandshop.html: -1
[2015-11-14 01:52:43] EDIT Glassic/views/default/browseandshop.html: 0
[2015-11-14 01:52:43] EDIT Glassic/views/default/browseandshop.html: 0
[2015-11-14 01:52:43] EDIT Glassic/views/default/browseandshop.html: 0
[2015-11-14 01:52:57] EDIT Glassic/views/default/browseandshop.html: 0
[2015-11-14 01:53:09] EDIT Glassic/views/default/browseandshop.html: 0
[2015-11-14 01:53:11] EDIT Glassic/views/default/browseandshop.html: 0
[2015-11-14 01:53:30] EDIT Glassic/views/default/browseandshop.html: 0
[2015-11-14 01:53:42] EDIT Glassic/views/default/browseandshop.html: 0
[2015-11-14 01:55:22] EDIT Glassic/views/default/browseandshop.html: 1
[2015-11-14 01:55:26] EDIT Glassic/views/default/browseandshop.html: 0
[2015-11-14 01:55:54] EDIT Glassic/views/default/browseandshop.html: 0
[2015-11-14 01:56:01] EDIT Glassic/views/default/browseandshop.html: 0
[2015-11-14 01:56:17] EDIT Glassic/views/default/browseandshop.html: 0
[2015-11-14 01:57:15] EDIT Glassic/views/default/browseandshop.html: 2
[2015-11-14 01:57:22] EDIT Glassic/views/default/browseandshop.html: 0
[2015-11-14 01:57:36] EDIT Glassic/views/default/browseandshop.html: 0
[2015-11-14 01:57:39] EDIT Glassic/views/default/browseandshop.html: 1
[2015-11-14 01:57:58] EDIT Glassic/views/default/browseandshop.html: 0
[2015-11-14 01:58:24] EDIT Glassic/views/default/browseandshop.html: 0
[2015-11-14 01:59:09] EDIT Glassic/views/default/browseandshop.html: 0
[2015-11-14 01:59:09] EDIT Glassic/views/default/browseandshop.html: 0
[2015-11-14 02:36:27] EDIT Glassic/views/default/browseandshop.html: 1
[2015-11-14 02:36:29] EDIT Glassic/views/default/browseandshop.html: 0
[2015-11-14 02:47:43] EDIT Glassic/controllers/default.py: 1
[2015-11-14 02:47:49] EDIT Glassic/controllers/default.py: 0
[2015-11-14 02:47:58] EDIT Glassic/controllers/default.py: 0
[2015-11-14 02:48:43] EDIT Glassic/views/default/browseandshop.html: 2
[2015-11-14 02:49:07] EDIT Glassic/views/default/browseandshop.html: 2
[2015-11-14 02:49:11] EDIT Glassic/views/default/browseandshop.html: 0
[2015-11-14 02:51:10] EDIT Glassic/views/default/browseandshop.html: 2
[2015-11-14 02:51:17] EDIT Glassic/views/default/browseandshop.html: -1
[2015-11-14 02:53:21] EDIT Glassic/views/default/browseandshop.html: 0
[2015-11-14 02:53:34] EDIT Glassic/views/default/browseandshop.html: 0
[2015-11-14 02:54:47] EDIT Glassic/views/default/browseandshop.html: 0
[2015-11-14 03:13:07] EDIT Glassic/views/default/browseandshop.html: 0
[2015-11-14 03:13:08] EDIT Glassic/views/default/browseandshop.html: 1
[2015-11-14 03:18:40] EDIT Glassic/views/default/browseandshop.html: -1
[2015-11-14 03:18:41] EDIT Glassic/views/default/browseandshop.html: 0
[2015-11-14 03:20:10] EDIT Glassic/views/default/browseandshop.html: 0
[2015-11-14 03:20:35] EDIT Glassic/views/default/browseandshop.html: 1
[2015-11-14 03:20:46] EDIT Glassic/views/default/browseandshop.html: 0
[2015-11-14 03:20:48] EDIT Glassic/views/default/browseandshop.html: 0
[2015-11-14 03:20:53] EDIT Glassic/views/default/browseandshop.html: 0
[2015-11-14 03:21:10] EDIT Glassic/views/default/browseandshop.html: 0
[2015-11-14 03:21:20] EDIT Glassic/views/default/browseandshop.html: 0
[2015-11-14 03:21:23] EDIT Glassic/views/default/browseandshop.html: 0
[2015-11-14 03:21:26] EDIT Glassic/views/default/browseandshop.html: 1
[2015-11-14 03:21:34] EDIT Glassic/views/default/browseandshop.html: 0
[2015-11-14 03:21:52] EDIT Glassic/views/default/browseandshop.html: 0
[2015-11-14 03:21:58] EDIT Glassic/views/default/browseandshop.html: 0
[2015-11-14 03:22:02] EDIT Glassic/views/default/browseandshop.html: 0
[2015-11-14 03:22:32] EDIT Glassic/views/default/browseandshop.html: 0
[2015-11-14 03:22:35] EDIT Glassic/views/default/browseandshop.html: 0
[2015-11-14 03:23:08] EDIT Glassic/views/default/browseandshop.html: 1
[2015-11-14 03:23:26] EDIT Glassic/views/default/browseandshop.html: 0
[2015-11-14 03:23:38] EDIT Glassic/views/default/browseandshop.html: 0
[2015-11-14 03:23:47] EDIT Glassic/views/default/browseandshop.html: 1
[2015-11-14 03:23:59] EDIT Glassic/views/default/browseandshop.html: 0
[2015-11-14 03:24:51] EDIT Glassic/views/default/browseandshop.html: 0
[2015-11-14 03:25:05] EDIT Glassic/views/default/browseandshop.html: 0
[2015-11-14 03:25:17] EDIT Glassic/views/default/browseandshop.html: 0
[2015-11-14 03:25:32] EDIT Glassic/views/default/browseandshop.html: 1
[2015-11-14 03:29:33] EDIT Glassic/views/layout.html: 0
[2015-11-14 18:22:11] EDIT Glassic/models/menu.py: 0
[2015-11-14 18:22:21] EDIT Glassic/models/menu.py: 0
[2015-11-14 18:22:56] EDIT Glassic/models/menu.py: 1
[2015-11-14 18:23:34] EDIT Glassic/models/menu.py: 0
[2015-11-14 18:31:57] EDIT Glassic/models/db_app_tables.py: 0
[2015-11-14 18:40:37] EDIT Glassic/controllers/default.py: 0
[2015-11-14 18:53:57] CREATE default/try.html: 0
[2015-11-14 18:54:08] EDIT Glassic/views/default/try.html: 3
[2015-11-14 18:54:28] EDIT Glassic/models/menu.py: 0
[2015-11-14 18:54:47] EDIT Glassic/controllers/default.py: 2
[2015-11-14 18:54:57] EDIT Glassic/controllers/default.py: 0
[2015-11-14 18:54:58] EDIT Glassic/controllers/default.py: 0
[2015-11-14 18:55:12] EDIT Glassic/models/menu.py: 0
[2015-11-14 18:55:40] DELETE Glassic/views/default/try.html: -6
[2015-11-14 18:55:51] CREATE default/try1.html: 0
[2015-11-14 18:55:57] EDIT Glassic/views/default/try1.html: 3
[2015-11-14 18:56:25] EDIT Glassic/controllers/default.py: 0
[2015-11-14 18:57:30] EDIT Glassic/controllers/default.py: 2
[2015-11-14 18:57:43] EDIT Glassic/views/default/try1.html: 1
[2015-11-14 18:58:16] EDIT Glassic/views/default/try1.html: 0
[2015-11-14 18:58:32] EDIT Glassic/controllers/default.py: 0
[2015-11-14 18:58:36] EDIT Glassic/controllers/default.py: 0
[2015-11-14 18:58:40] EDIT Glassic/views/default/try1.html: 0
[2015-11-14 18:58:57] EDIT Glassic/controllers/default.py: 0
[2015-11-14 18:59:43] EDIT Glassic/views/default/try1.html: 0
[2015-11-14 19:00:02] EDIT Glassic/controllers/default.py: 0
[2015-11-14 19:00:04] EDIT Glassic/controllers/default.py: 0
[2015-11-14 19:02:01] EDIT Glassic/controllers/default.py: 0
[2015-11-14 19:02:16] EDIT Glassic/controllers/default.py: 0
[2015-11-14 19:02:32] EDIT Glassic/controllers/default.py: 0
[2015-11-14 19:15:59] EDIT Glassic/models/menu.py: -1
[2015-11-14 19:20:08] EDIT Glassic/models/menu.py: 0
[2015-11-14 19:20:18] EDIT Glassic/models/menu.py: 0
[2015-11-14 19:20:31] EDIT Glassic/models/menu.py: 0
[2015-11-14 19:21:29] EDIT Glassic/views/default/index.html: 0
[2015-11-14 19:21:41] EDIT Glassic/views/default/index.html: 0
[2015-11-14 19:24:44] EDIT Glassic/controllers/default.py: -4
[2015-11-14 19:24:57] DELETE Glassic/views/default/try1.html: -7
[2015-11-14 19:31:51] EDIT Glassic/views/default/browseandshop.html: 12
[2015-11-14 19:32:18] EDIT Glassic/views/default/browseandshop.html: 0
[2015-11-14 19:32:30] EDIT Glassic/views/default/browseandshop.html: 0
[2015-11-14 19:32:42] EDIT Glassic/views/default/browseandshop.html: -1
[2015-11-14 19:33:04] EDIT Glassic/views/default/browseandshop.html: 1
[2015-11-14 19:33:17] EDIT Glassic/views/default/browseandshop.html: 0
[2015-11-14 19:33:19] EDIT Glassic/views/default/browseandshop.html: 0
[2015-11-14 19:33:26] EDIT Glassic/views/default/browseandshop.html: 0
[2015-11-14 19:34:06] EDIT Glassic/views/default/browseandshop.html: 1
[2015-11-14 19:34:06] EDIT Glassic/views/default/browseandshop.html: 0
[2015-11-14 19:34:10] EDIT Glassic/views/default/browseandshop.html: 0
[2015-11-14 19:35:50] EDIT Glassic/views/default/browseandshop.html: 1
[2015-11-14 19:36:02] EDIT Glassic/views/default/browseandshop.html: -10
[2015-11-14 19:36:09] EDIT Glassic/views/default/browseandshop.html: 0
[2015-11-14 19:36:14] EDIT Glassic/views/default/browseandshop.html: 0
[2015-11-14 19:37:06] EDIT Glassic/views/default/browseandshop.html: 0
[2015-11-14 19:37:13] EDIT Glassic/views/default/browseandshop.html: 0
[2015-11-14 19:37:17] EDIT Glassic/views/default/browseandshop.html: 0
[2015-11-14 19:37:36] EDIT Glassic/views/default/browseandshop.html: 0
[2015-11-14 19:38:28] EDIT Glassic/views/default/browseandshop.html: 1
[2015-11-14 19:38:41] EDIT Glassic/views/default/browseandshop.html: 1
[2015-11-14 19:38:52] EDIT Glassic/views/default/browseandshop.html: 0
[2015-11-14 19:43:43] EDIT Glassic/views/default/browseandshop.html: -1
[2015-11-14 19:43:50] EDIT Glassic/views/default/browseandshop.html: 9
[2015-11-14 19:44:48] EDIT Glassic/views/default/browseandshop.html: 8
[2015-11-14 19:45:09] EDIT Glassic/views/default/browseandshop.html: 0
[2015-11-14 19:45:14] EDIT Glassic/views/default/browseandshop.html: 0
[2015-11-14 19:45:28] EDIT Glassic/views/default/browseandshop.html: 0
[2015-11-14 19:46:12] EDIT Glassic/views/default/browseandshop.html: 1
[2015-11-14 19:48:43] EDIT Glassic/views/default/browseandshop.html: 0
[2015-11-14 19:48:52] EDIT Glassic/views/default/browseandshop.html: 0
[2015-11-14 19:52:06] EDIT Glassic/views/default/browseandshop.html: -7
[2015-11-14 19:52:26] EDIT Glassic/views/default/browseandshop.html: -6
[2015-11-14 19:52:28] EDIT Glassic/views/default/browseandshop.html: 5
[2015-11-14 19:52:39] EDIT Glassic/views/default/browseandshop.html: 0
[2015-11-14 19:52:46] EDIT Glassic/views/default/browseandshop.html: 5
[2015-11-14 19:52:54] EDIT Glassic/views/default/browseandshop.html: 0
[2015-11-14 19:52:57] EDIT Glassic/views/default/browseandshop.html: 0
[2015-11-14 19:53:08] EDIT Glassic/views/default/browseandshop.html: 0
[2015-11-14 19:53:14] EDIT Glassic/views/default/browseandshop.html: 0
[2015-11-14 19:53:42] EDIT Glassic/views/default/browseandshop.html: 1
[2015-11-14 19:53:46] EDIT Glassic/views/default/browseandshop.html: 0
[2015-11-14 19:53:48] EDIT Glassic/views/default/browseandshop.html: 0
[2015-11-14 19:53:53] EDIT Glassic/views/default/browseandshop.html: 0
[2015-11-14 19:54:26] EDIT Glassic/views/default/browseandshop.html: 0
[2015-11-14 19:54:33] EDIT Glassic/views/default/browseandshop.html: 0
[2015-11-14 19:54:49] EDIT Glassic/views/default/browseandshop.html: 0
[2015-11-14 19:54:58] EDIT Glassic/views/default/browseandshop.html: 0
[2015-11-14 19:54:58] EDIT Glassic/views/default/browseandshop.html: 0
[2015-11-14 19:55:06] EDIT Glassic/views/default/browseandshop.html: 0
[2015-11-14 19:55:10] EDIT Glassic/views/default/browseandshop.html: 0
[2015-11-14 19:55:29] EDIT Glassic/views/default/browseandshop.html: 0
[2015-11-14 19:55:35] EDIT Glassic/views/default/browseandshop.html: 0
[2015-11-14 19:55:40] EDIT Glassic/views/default/browseandshop.html: 0
[2015-11-14 19:55:47] EDIT Glassic/views/default/browseandshop.html: 0
[2015-11-14 19:55:55] EDIT Glassic/views/default/browseandshop.html: 0
[2015-11-14 19:56:00] EDIT Glassic/views/default/browseandshop.html: 0
[2015-11-14 19:56:19] EDIT Glassic/views/default/browseandshop.html: 0
[2015-11-14 19:56:36] EDIT Glassic/views/default/browseandshop.html: 0
[2015-11-14 19:56:37] EDIT Glassic/views/default/browseandshop.html: 0
[2015-11-14 19:57:00] EDIT Glassic/views/default/browseandshop.html: 0
[2015-11-14 19:57:04] EDIT Glassic/views/default/browseandshop.html: 0
[2015-11-14 20:11:11] EDIT Glassic/views/default/browseandshop.html: 0
[2015-11-14 20:11:13] EDIT Glassic/views/default/browseandshop.html: 0
[2015-11-14 20:11:20] EDIT Glassic/views/default/browseandshop.html: 0
[2015-11-14 20:11:27] EDIT Glassic/views/default/browseandshop.html: 0
[2015-11-14 20:11:44] EDIT Glassic/views/default/browseandshop.html: 0
[2015-11-14 20:12:11] EDIT Glassic/views/default/browseandshop.html: 0
[2015-11-14 20:12:42] EDIT Glassic/views/default/browseandshop.html: 0
[2015-11-14 20:13:02] EDIT Glassic/views/default/browseandshop.html: 0
[2015-11-14 20:13:11] EDIT Glassic/views/default/browseandshop.html: 0
[2015-11-14 20:13:38] EDIT Glassic/views/default/browseandshop.html: 0
[2015-11-14 20:13:42] EDIT Glassic/views/default/browseandshop.html: 0
[2015-11-14 20:13:49] EDIT Glassic/views/default/browseandshop.html: 0
[2015-11-15 10:01:46] EDIT Glassic/models/db_app_tables.py: 1
[2015-11-15 10:02:08] EDIT Glassic/models/db_app_tables.py: 0
[2015-11-15 10:02:49] EDIT Glassic/controllers/default.py: 1
[2015-11-15 10:03:17] EDIT Glassic/controllers/default.py: 0
[2015-11-15 10:03:31] EDIT Glassic/controllers/default.py: 0
[2015-11-15 10:03:36] EDIT Glassic/controllers/default.py: 0
[2015-11-15 10:03:49] EDIT Glassic/controllers/default.py: 1
[2015-11-15 10:04:09] EDIT Glassic/controllers/default.py: 1
[2015-11-15 10:04:21] EDIT Glassic/controllers/default.py: 0
[2015-11-15 10:04:28] EDIT Glassic/controllers/default.py: 0
[2015-11-15 10:05:08] EDIT Glassic/models/menu.py: 0
[2015-11-15 10:06:02] EDIT Glassic/controllers/default.py: 0
[2015-11-15 10:07:57] EDIT Glassic/controllers/default.py: 1
[2015-11-15 10:08:08] EDIT Glassic/controllers/default.py: 0
[2015-11-15 10:08:28] EDIT Glassic/controllers/default.py: 0
[2015-11-15 10:08:52] EDIT Glassic/controllers/default.py: 0
[2015-11-15 10:11:34] EDIT Glassic/views/default/browseandshop.html: 0
[2015-11-15 10:11:38] EDIT Glassic/views/default/browseandshop.html: 0
[2015-11-15 10:11:42] EDIT Glassic/views/default/browseandshop.html: 1
[2015-11-15 10:11:44] EDIT Glassic/views/default/browseandshop.html: 0
[2015-11-15 10:11:46] EDIT Glassic/views/default/browseandshop.html: 0
[2015-11-15 10:11:53] EDIT Glassic/views/default/browseandshop.html: 0
[2015-11-15 10:13:25] EDIT Glassic/views/default/browseandshop.html: 0
[2015-11-15 10:13:48] EDIT Glassic/views/default/browseandshop.html: 0
[2015-11-15 10:13:54] EDIT Glassic/views/default/browseandshop.html: 0
[2015-11-15 10:13:58] EDIT Glassic/views/default/browseandshop.html: 0
[2015-11-15 10:14:02] EDIT Glassic/views/default/browseandshop.html: 0
[2015-11-15 10:14:21] EDIT Glassic/views/default/browseandshop.html: 0
[2015-11-15 10:15:13] EDIT Glassic/views/default/browseandshop.html: 0
[2015-11-15 10:15:26] EDIT Glassic/views/default/browseandshop.html: 0
[2015-11-15 10:15:36] EDIT Glassic/views/default/browseandshop.html: 1
[2015-11-15 10:15:51] EDIT Glassic/views/default/browseandshop.html: 0
[2015-11-15 10:16:18] EDIT Glassic/views/default/browseandshop.html: 0
[2015-11-15 10:16:22] EDIT Glassic/views/default/browseandshop.html: 0
[2015-11-15 10:32:16] EDIT Glassic/views/default/browseandshop.html: 0
[2015-11-15 10:48:53] EDIT Glassic/views/default/browseandshop.html: 5
[2015-11-15 10:52:29] EDIT Glassic/views/default/browseandshop.html: 0
[2015-11-15 10:52:43] EDIT Glassic/views/default/browseandshop.html: 0
[2015-11-15 10:53:19] EDIT Glassic/views/default/browseandshop.html: 0
[2015-11-15 10:53:27] EDIT Glassic/views/default/browseandshop.html: 0
[2015-11-15 10:54:38] EDIT Glassic/views/default/browseandshop.html: 0
[2015-11-15 10:55:19] EDIT Glassic/views/default/browseandshop.html: 1
[2015-11-15 10:55:36] EDIT Glassic/views/default/browseandshop.html: 1
[2015-11-15 10:55:41] EDIT Glassic/views/default/browseandshop.html: 0
[2015-11-15 10:56:09] EDIT Glassic/views/default/browseandshop.html: -3
[2015-11-15 10:56:13] EDIT Glassic/views/default/browseandshop.html: 3
[2015-11-15 10:56:43] EDIT Glassic/controllers/default.py: 1
[2015-11-15 10:56:58] EDIT Glassic/controllers/default.py: -1
[2015-11-15 12:37:30] EDIT Glassic/views/default/browseandshop.html: 0
[2015-11-15 12:37:39] EDIT Glassic/views/default/browseandshop.html: 0
[2015-11-15 12:37:43] EDIT Glassic/views/default/browseandshop.html: 0
[2015-11-15 12:38:49] EDIT Glassic/views/default/browseandshop.html: 0
[2015-11-15 12:38:57] EDIT Glassic/views/default/browseandshop.html: 0
[2015-11-15 12:39:19] EDIT Glassic/views/default/browseandshop.html: 0
[2015-11-15 12:39:36] EDIT Glassic/views/default/browseandshop.html: 0
[2015-11-15 12:40:09] EDIT Glassic/views/default/browseandshop.html: 0
[2015-11-15 12:40:22] EDIT Glassic/views/default/browseandshop.html: 0
[2015-11-15 12:45:42] EDIT Glassic/views/default/browseandshop.html: 0
[2015-11-15 12:49:15] EDIT Glassic/controllers/default.py: 2
[2015-11-15 12:50:00] EDIT Glassic/controllers/default.py: 2
[2015-11-15 12:55:22] EDIT Glassic/controllers/default.py: 0
[2015-11-15 12:57:27] EDIT Glassic/controllers/default.py: 2
[2015-11-15 12:57:37] EDIT Glassic/controllers/default.py: 0
[2015-11-15 12:57:53] EDIT Glassic/controllers/default.py: 0
[2015-11-15 12:57:53] EDIT Glassic/controllers/default.py: 0
[2015-11-15 12:58:13] EDIT Glassic/models/db_app_tables.py: -1
[2015-11-15 13:00:30] CREATE default/yourcart.html: 0
[2015-11-15 13:01:15] EDIT Glassic/views/default/yourcart.html: -1
[2015-11-15 13:02:01] EDIT Glassic/views/default/yourcart.html: 1
[2015-11-15 13:05:00] EDIT Glassic/controllers/default.py: -1
[2015-11-15 13:05:41] EDIT Glassic/views/default/browseandshop.html: 0
[2015-11-15 13:05:51] EDIT Glassic/views/default/browseandshop.html: 0
[2015-11-15 13:07:41] EDIT Glassic/controllers/default.py: 1
[2015-11-15 13:07:48] EDIT Glassic/controllers/default.py: 0
[2015-11-15 13:08:17] EDIT Glassic/controllers/default.py: 0
[2015-11-15 13:08:36] EDIT Glassic/controllers/default.py: 0
[2015-11-15 13:08:59] EDIT Glassic/views/default/browseandshop.html: 0
[2015-11-15 13:13:41] EDIT Glassic/views/default/browseandshop.html: 0
[2015-11-15 13:16:57] EDIT Glassic/views/default/browseandshop.html: 0
[2015-11-15 13:17:25] EDIT Glassic/views/default/browseandshop.html: 0
[2015-11-15 13:18:02] EDIT Glassic/controllers/default.py: 0
[2015-11-15 13:18:11] EDIT Glassic/controllers/default.py: 0
[2015-11-15 13:18:13] EDIT Glassic/controllers/default.py: 0
[2015-11-15 14:36:52] EDIT Glassic/models/db.py: 5
[2015-11-15 14:37:00] EDIT Glassic/models/db.py: 0
[2015-11-15 14:37:22] EDIT Glassic/models/db.py: -3
[2015-11-15 14:37:54] EDIT Glassic/models/db.py: 0
[2015-11-15 14:38:07] EDIT Glassic/models/db.py: 0
[2015-11-15 14:38:15] EDIT Glassic/models/db.py: 0
[2015-11-15 14:38:23] EDIT Glassic/models/db.py: 3
[2015-11-15 14:38:25] EDIT Glassic/models/db.py: 0
[2015-11-15 14:38:31] EDIT Glassic/models/db.py: -3
[2015-11-15 14:43:18] EDIT Glassic/models/db.py: 1
[2015-11-15 14:43:20] EDIT Glassic/models/db.py: 0
[2015-11-15 14:43:33] EDIT Glassic/models/db.py: 0
[2015-11-15 14:43:37] EDIT Glassic/models/db.py: 0
[2015-11-15 14:45:52] EDIT Glassic/models/db.py: 1
[2015-11-15 14:51:45] EDIT Glassic/models/db.py: 0
[2015-11-15 14:56:40] EDIT Glassic/models/menu.py: 0
[2015-11-15 14:57:57] EDIT Glassic/models/menu.py: 0
[2015-11-15 16:31:32] EDIT Glassic/views/default/browseandshop.html: 1
[2015-11-15 16:31:36] EDIT Glassic/views/default/browseandshop.html: -1
[2015-11-15 16:32:05] EDIT Glassic/models/db_app_tables.py: 1
[2015-11-15 16:32:36] EDIT Glassic/views/default/browseandshop.html: 0
[2015-11-15 16:33:25] EDIT Glassic/views/default/browseandshop.html: 0
[2015-11-15 16:34:09] EDIT Glassic/views/default/browseandshop.html: 0
[2015-11-15 16:35:17] EDIT Glassic/views/default/browseandshop.html: 0
[2015-11-15 16:36:05] EDIT Glassic/views/default/browseandshop.html: 0
[2015-11-15 16:37:05] EDIT Glassic/views/default/browseandshop.html: 0
[2015-11-15 16:37:37] EDIT Glassic/views/default/browseandshop.html: 0
[2015-11-15 16:37:54] EDIT Glassic/views/default/browseandshop.html: 1
[2015-11-15 16:38:07] EDIT Glassic/views/default/browseandshop.html: 0
[2015-11-15 16:38:51] EDIT Glassic/views/default/browseandshop.html: 0
[2015-11-15 16:42:50] EDIT Glassic/views/default/browseandshop.html: -1
[2015-11-15 16:42:53] EDIT Glassic/views/default/browseandshop.html: 0
[2015-11-15 16:43:06] EDIT Glassic/views/default/browseandshop.html: 0
[2015-11-15 16:43:18] EDIT Glassic/views/default/browseandshop.html: 0
[2015-11-15 16:43:29] EDIT Glassic/views/default/browseandshop.html: -1
[2015-11-15 16:43:32] EDIT Glassic/views/default/browseandshop.html: 0
[2015-11-15 16:43:33] EDIT Glassic/views/default/browseandshop.html: 0
[2015-11-15 16:43:45] EDIT Glassic/views/default/browseandshop.html: 1
[2015-11-15 16:44:02] EDIT Glassic/views/default/browseandshop.html: 0
[2015-11-15 16:44:27] EDIT Glassic/views/default/browseandshop.html: 0
[2015-11-15 16:44:32] EDIT Glassic/views/default/browseandshop.html: 0
[2015-11-15 16:44:33] EDIT Glassic/views/default/browseandshop.html: 0
[2015-11-15 16:45:23] EDIT Glassic/controllers/default.py: 0
[2015-11-15 16:45:38] EDIT Glassic/controllers/default.py: 1
[2015-11-15 16:46:01] EDIT Glassic/controllers/default.py: 1
[2015-11-15 16:46:02] EDIT Glassic/controllers/default.py: 0
[2015-11-15 16:46:47] EDIT Glassic/controllers/default.py: 1
[2015-11-15 16:46:50] EDIT Glassic/controllers/default.py: 0
[2015-11-15 16:47:03] EDIT Glassic/controllers/default.py: 0
[2015-11-15 16:47:42] EDIT Glassic/controllers/default.py: 2
[2015-11-15 16:47:47] EDIT Glassic/controllers/default.py: 0
[2015-11-15 16:47:55] EDIT Glassic/controllers/default.py: 0
[2015-11-15 16:48:01] EDIT Glassic/controllers/default.py: 0
[2015-11-15 16:48:36] EDIT Glassic/controllers/default.py: 0
[2015-11-15 16:49:19] EDIT Glassic/controllers/default.py: 0
[2015-11-15 16:49:34] EDIT Glassic/controllers/default.py: 0
[2015-11-15 16:49:40] EDIT Glassic/controllers/default.py: 0
[2015-11-15 16:49:45] EDIT Glassic/controllers/default.py: 0
[2015-11-15 16:50:16] EDIT Glassic/controllers/default.py: 0
[2015-11-15 16:50:20] EDIT Glassic/controllers/default.py: 0
[2015-11-15 16:50:30] EDIT Glassic/controllers/default.py: 1
[2015-11-15 16:50:38] EDIT Glassic/controllers/default.py: 0
[2015-11-15 16:51:07] EDIT Glassic/controllers/default.py: 0
[2015-11-15 16:51:23] EDIT Glassic/controllers/default.py: 0
[2015-11-15 16:51:32] EDIT Glassic/controllers/default.py: 0
[2015-11-15 16:53:04] EDIT Glassic/controllers/default.py: 1
[2015-11-15 16:53:14] EDIT Glassic/controllers/default.py: 0
[2015-11-15 16:53:18] EDIT Glassic/controllers/default.py: 0
[2015-11-15 16:53:56] EDIT Glassic/controllers/default.py: 0
[2015-11-15 16:54:19] EDIT Glassic/views/default/browseandshop.html: 0
[2015-11-15 16:57:39] EDIT Glassic/controllers/default.py: 0
[2015-11-15 16:59:01] EDIT Glassic/controllers/default.py: 0
[2015-11-15 16:59:07] EDIT Glassic/views/default/browseandshop.html: 0
[2015-11-15 16:59:54] EDIT Glassic/views/default/browseandshop.html: 0
[2015-11-15 17:00:04] EDIT Glassic/views/default/browseandshop.html: 0
[2015-11-15 17:00:36] EDIT Glassic/views/default/browseandshop.html: 0
[2015-11-15 17:00:49] EDIT Glassic/views/default/browseandshop.html: 0
[2015-11-15 17:01:45] EDIT Glassic/views/default/browseandshop.html: 0
[2015-11-15 17:01:55] EDIT Glassic/views/default/browseandshop.html: 0
[2015-11-15 17:07:03] EDIT Glassic/views/default/browseandshop.html: 0
[2015-11-15 17:07:38] EDIT Glassic/views/default/browseandshop.html: -1
[2015-11-15 17:07:49] EDIT Glassic/views/default/browseandshop.html: 0
[2015-11-15 17:08:11] EDIT Glassic/views/default/browseandshop.html: 1
[2015-11-15 17:08:50] EDIT Glassic/views/default/browseandshop.html: 1
[2015-11-15 17:08:51] EDIT Glassic/views/default/browseandshop.html: 0
[2015-11-15 17:09:26] EDIT Glassic/views/default/browseandshop.html: 0
[2015-11-15 17:09:57] EDIT Glassic/views/default/browseandshop.html: 0
[2015-11-15 17:10:31] EDIT Glassic/views/default/browseandshop.html: 0
[2015-11-15 17:10:44] EDIT Glassic/views/default/browseandshop.html: 0
[2015-11-15 17:11:02] EDIT Glassic/views/default/browseandshop.html: 0
[2015-11-15 17:11:14] EDIT Glassic/views/default/browseandshop.html: -1
[2015-11-15 17:11:18] EDIT Glassic/views/default/browseandshop.html: 0
[2015-11-15 17:11:40] EDIT Glassic/controllers/default.py: 0
[2015-11-15 17:11:46] EDIT Glassic/controllers/default.py: 0
[2015-11-15 17:11:49] EDIT Glassic/controllers/default.py: 0
[2015-11-15 17:11:49] EDIT Glassic/controllers/default.py: 0
[2015-11-15 17:14:11] EDIT Glassic/views/default/browseandshop.html: 0
[2015-11-15 17:14:29] EDIT Glassic/views/default/browseandshop.html: 0
[2015-11-15 17:18:22] EDIT Glassic/views/default/browseandshop.html: 0
[2015-11-15 17:18:22] EDIT Glassic/views/default/browseandshop.html: 0
[2015-11-15 17:18:38] EDIT Glassic/views/default/browseandshop.html: 0
[2015-11-15 17:18:46] EDIT Glassic/views/default/browseandshop.html: 0
[2015-11-15 17:19:15] EDIT Glassic/views/default/browseandshop.html: 0
[2015-11-15 17:19:51] EDIT Glassic/views/default/browseandshop.html: 0
[2015-11-15 17:20:08] EDIT Glassic/views/default/browseandshop.html: 0
[2015-11-15 17:20:09] EDIT Glassic/views/default/browseandshop.html: 0
[2015-11-15 17:21:31] EDIT Glassic/controllers/default.py: 0
[2015-11-15 17:21:36] EDIT Glassic/controllers/default.py: 0
[2015-11-15 17:21:42] EDIT Glassic/controllers/default.py: 0
[2015-11-15 17:21:58] EDIT Glassic/controllers/default.py: 0
[2015-11-15 17:22:26] EDIT Glassic/controllers/default.py: 0
[2015-11-15 17:23:31] EDIT Glassic/controllers/default.py: 1
[2015-11-15 17:23:33] EDIT Glassic/controllers/default.py: 0
[2015-11-15 17:23:56] EDIT Glassic/views/default/browseandshop.html: -1
[2015-11-15 17:24:17] EDIT Glassic/views/default/browseandshop.html: 0
[2015-11-15 17:24:27] EDIT Glassic/views/default/browseandshop.html: 0
[2015-11-15 17:24:53] EDIT Glassic/views/default/browseandshop.html: 0
[2015-11-15 17:25:18] EDIT Glassic/controllers/default.py: 0
[2015-11-15 17:26:32] EDIT Glassic/views/default/browseandshop.html: 0
[2015-11-15 17:26:42] EDIT Glassic/views/default/browseandshop.html: 0
[2015-11-15 17:26:49] EDIT Glassic/controllers/default.py: 0
[2015-11-15 17:28:04] EDIT Glassic/views/default/yourcart.html: -1
[2015-11-15 17:28:11] EDIT Glassic/views/default/yourcart.html: 0
[2015-11-15 17:29:23] EDIT Glassic/views/default/browseandshop.html: 0
[2015-11-15 17:29:54] EDIT Glassic/views/default/browseandshop.html: 1
[2015-11-15 17:29:54] EDIT Glassic/views/default/browseandshop.html: 0
[2015-11-15 17:30:02] EDIT Glassic/views/default/browseandshop.html: 0
[2015-11-15 17:30:47] EDIT Glassic/controllers/default.py: 0
[2015-11-15 17:30:57] EDIT Glassic/controllers/default.py: 0
[2015-11-15 17:31:15] EDIT Glassic/controllers/default.py: 1
[2015-11-15 17:31:46] EDIT Glassic/controllers/default.py: 0
[2015-11-15 17:31:57] EDIT Glassic/controllers/default.py: -1
[2015-11-15 17:33:11] EDIT Glassic/controllers/default.py: 1
[2015-11-15 17:33:29] EDIT Glassic/controllers/default.py: -1
[2015-11-15 17:33:31] EDIT Glassic/controllers/default.py: 1
[2015-11-15 17:33:39] EDIT Glassic/controllers/default.py: 0
[2015-11-15 17:34:13] EDIT Glassic/controllers/default.py: -1
[2015-11-15 17:34:17] EDIT Glassic/controllers/default.py: -1
[2015-11-15 17:34:20] EDIT Glassic/controllers/default.py: 0
[2015-11-15 17:34:56] EDIT Glassic/views/default/yourcart.html: 1
[2015-11-15 17:35:38] EDIT Glassic/views/default/yourcart.html: 0
[2015-11-15 17:35:43] EDIT Glassic/views/default/yourcart.html: 0
[2015-11-15 17:36:03] EDIT Glassic/controllers/default.py: 0
[2015-11-15 17:36:47] EDIT Glassic/controllers/default.py: -1
[2015-11-15 17:38:05] EDIT Glassic/views/default/browseandshop.html: 0
[2015-11-15 17:38:16] EDIT Glassic/views/default/browseandshop.html: 0
[2015-11-15 17:38:51] EDIT Glassic/views/default/browseandshop.html: 0
[2015-11-15 17:39:01] EDIT Glassic/views/default/browseandshop.html: 0
[2015-11-15 17:39:07] EDIT Glassic/views/default/browseandshop.html: 0
[2015-11-15 17:39:07] EDIT Glassic/views/default/browseandshop.html: 0
[2015-11-15 17:39:08] EDIT Glassic/views/default/browseandshop.html: 0
[2015-11-15 17:49:35] EDIT Glassic/controllers/default.py: -1
[2015-11-15 17:50:22] EDIT Glassic/views/default/yourcart.html: 0
[2015-11-15 17:56:13] EDIT Glassic/controllers/default.py: 0
[2015-11-15 17:57:52] EDIT Glassic/controllers/default.py: 0
[2015-11-15 17:58:49] EDIT Glassic/views/default/yourcart.html: -2
[2015-11-15 18:10:03] EDIT Glassic/views/default/yourcart.html: 0
[2015-11-15 18:11:43] EDIT Glassic/views/default/yourcart.html: 1
[2015-11-15 18:11:47] EDIT Glassic/views/default/yourcart.html: 0
[2015-11-15 18:11:50] EDIT Glassic/views/default/yourcart.html: 1
[2015-11-15 18:12:09] EDIT Glassic/views/default/yourcart.html: 0
[2015-11-15 18:12:25] EDIT Glassic/views/default/yourcart.html: 0
[2015-11-15 18:12:33] EDIT Glassic/views/default/yourcart.html: 0
[2015-11-15 18:12:37] EDIT Glassic/views/default/yourcart.html: 1
[2015-11-15 18:12:40] EDIT Glassic/views/default/yourcart.html: 0
[2015-11-15 18:12:41] EDIT Glassic/views/default/yourcart.html: 0
[2015-11-15 18:13:02] EDIT Glassic/views/default/yourcart.html: 0
[2015-11-15 18:13:20] EDIT Glassic/views/default/yourcart.html: 0
[2015-11-15 18:13:43] EDIT Glassic/views/default/yourcart.html: 1
[2015-11-15 18:14:19] EDIT Glassic/views/default/yourcart.html: 0
[2015-11-15 18:14:21] EDIT Glassic/views/default/yourcart.html: 0
[2015-11-15 18:14:40] EDIT Glassic/views/default/yourcart.html: 0
[2015-11-15 18:14:46] EDIT Glassic/views/default/yourcart.html: 0
[2015-11-15 18:15:01] EDIT Glassic/views/default/yourcart.html: 0
[2015-11-15 18:15:07] EDIT Glassic/views/default/yourcart.html: 0
[2015-11-15 18:15:22] EDIT Glassic/views/default/yourcart.html: 1
[2015-11-15 18:15:36] EDIT Glassic/views/default/yourcart.html: 0
[2015-11-15 18:19:02] EDIT Glassic/views/default/yourcart.html: 3
[2015-11-15 18:19:04] EDIT Glassic/views/default/yourcart.html: -1
[2015-11-15 18:20:55] EDIT Glassic/views/default/yourcart.html: 20
[2015-11-15 18:21:00] EDIT Glassic/views/default/yourcart.html: 0
[2015-11-15 18:21:30] EDIT Glassic/views/default/yourcart.html: 0
[2015-11-15 18:21:35] EDIT Glassic/views/default/yourcart.html: 0
[2015-11-15 18:21:39] EDIT Glassic/views/default/yourcart.html: 0
[2015-11-15 18:21:50] EDIT Glassic/views/default/yourcart.html: -2
[2015-11-15 18:22:18] EDIT Glassic/views/default/yourcart.html: -2
[2015-11-15 18:23:37] EDIT Glassic/controllers/default.py: 1
[2015-11-15 18:23:43] EDIT Glassic/controllers/default.py: 0
[2015-11-15 18:23:46] EDIT Glassic/controllers/default.py: 0
[2015-11-15 18:23:48] EDIT Glassic/controllers/default.py: 0
[2015-11-15 18:24:00] EDIT Glassic/controllers/default.py: 0
[2015-11-15 18:24:03] EDIT Glassic/controllers/default.py: 0
[2015-11-15 18:25:08] EDIT Glassic/views/default/yourcart.html: 1
[2015-11-15 18:25:45] EDIT Glassic/views/default/yourcart.html: 6
[2015-11-15 18:26:12] EDIT Glassic/views/default/yourcart.html: 0
[2015-11-15 18:26:15] EDIT Glassic/views/default/yourcart.html: 0
[2015-11-15 18:26:26] EDIT Glassic/views/default/yourcart.html: 0
[2015-11-15 18:26:31] EDIT Glassic/views/default/yourcart.html: 1
[2015-11-15 18:26:44] EDIT Glassic/views/default/yourcart.html: 1
[2015-11-15 18:26:52] EDIT Glassic/views/default/yourcart.html: 0
[2015-11-15 18:27:09] EDIT Glassic/views/default/yourcart.html: 0
[2015-11-15 18:27:26] EDIT Glassic/views/default/yourcart.html: 3
[2015-11-15 18:27:37] EDIT Glassic/views/default/yourcart.html: -2
[2015-11-15 18:27:53] EDIT Glassic/views/default/yourcart.html: -1
[2015-11-15 18:27:56] EDIT Glassic/views/default/yourcart.html: 1
[2015-11-15 18:28:00] EDIT Glassic/views/default/yourcart.html: 0
[2015-11-15 18:28:03] EDIT Glassic/views/default/yourcart.html: 0
[2015-11-15 18:28:12] EDIT Glassic/views/default/yourcart.html: -1
[2015-11-15 18:28:14] EDIT Glassic/views/default/yourcart.html: 0
[2015-11-15 18:28:27] EDIT Glassic/views/default/yourcart.html: 0
[2015-11-15 18:28:27] EDIT Glassic/views/default/yourcart.html: 0
[2015-11-15 18:28:41] EDIT Glassic/views/default/yourcart.html: 0
[2015-11-15 18:28:44] EDIT Glassic/views/default/yourcart.html: 0
[2015-11-15 18:28:44] EDIT Glassic/views/default/yourcart.html: 0
[2015-11-15 18:28:47] EDIT Glassic/views/default/yourcart.html: 0
[2015-11-15 18:28:48] EDIT Glassic/views/default/yourcart.html: 0
[2015-11-15 18:28:50] EDIT Glassic/views/default/yourcart.html: 0
[2015-11-15 18:28:51] EDIT Glassic/views/default/yourcart.html: 0
[2015-11-15 18:29:08] EDIT Glassic/views/default/yourcart.html: 0
[2015-11-15 18:29:42] EDIT Glassic/views/default/yourcart.html: 1
[2015-11-15 18:30:28] EDIT Glassic/views/default/yourcart.html: 1
[2015-11-15 18:30:32] EDIT Glassic/views/default/yourcart.html: 0
[2015-11-15 18:30:46] EDIT Glassic/views/default/yourcart.html: 1
[2015-11-15 18:31:30] EDIT Glassic/views/default/yourcart.html: 1
[2015-11-15 18:31:39] EDIT Glassic/views/default/yourcart.html: 0
[2015-11-15 18:31:46] EDIT Glassic/views/default/yourcart.html: 1
[2015-11-15 18:32:23] EDIT Glassic/views/default/yourcart.html: -1
[2015-11-15 18:32:35] EDIT Glassic/views/default/yourcart.html: -1
[2015-11-15 18:32:44] EDIT Glassic/views/default/yourcart.html: 0
[2015-11-15 18:32:48] EDIT Glassic/views/default/yourcart.html: 0
[2015-11-15 18:33:13] EDIT Glassic/views/default/yourcart.html: 0
[2015-11-15 18:33:43] EDIT Glassic/views/default/yourcart.html: 0
[2015-11-15 18:34:06] EDIT Glassic/views/default/yourcart.html: 0
[2015-11-15 19:06:28] EDIT Glassic/controllers/default.py: 1
[2015-11-15 19:06:58] EDIT Glassic/controllers/default.py: 1
[2015-11-15 19:07:02] EDIT Glassic/controllers/default.py: 1
[2015-11-15 19:07:13] EDIT Glassic/controllers/default.py: 0
[2015-11-15 19:07:19] EDIT Glassic/controllers/default.py: 0
[2015-11-15 19:07:22] EDIT Glassic/controllers/default.py: 0
[2015-11-15 19:07:27] EDIT Glassic/controllers/default.py: 0
[2015-11-15 19:07:43] EDIT Glassic/controllers/default.py: 0
[2015-11-15 19:08:45] EDIT Glassic/controllers/default.py: 1
[2015-11-15 19:08:47] EDIT Glassic/controllers/default.py: 0
[2015-11-15 19:08:48] EDIT Glassic/controllers/default.py: 0
[2015-11-15 19:08:58] EDIT Glassic/controllers/default.py: 1
[2015-11-15 19:09:47] EDIT Glassic/controllers/default.py: 1
[2015-11-15 19:09:54] EDIT Glassic/controllers/default.py: 0
[2015-11-15 19:10:00] EDIT Glassic/controllers/default.py: 0
[2015-11-15 19:10:07] EDIT Glassic/controllers/default.py: 0
[2015-11-15 19:10:13] EDIT Glassic/controllers/default.py: 0
[2015-11-15 19:10:28] EDIT Glassic/controllers/default.py: 0
[2015-11-15 19:10:33] EDIT Glassic/controllers/default.py: 0
[2015-11-15 19:10:43] EDIT Glassic/controllers/default.py: 0
[2015-11-15 19:11:26] EDIT Glassic/controllers/default.py: 0
[2015-11-15 19:13:03] EDIT Glassic/controllers/default.py: 0
[2015-11-15 19:13:05] EDIT Glassic/controllers/default.py: 0
[2015-11-15 19:13:05] EDIT Glassic/controllers/default.py: 0
[2015-11-15 19:13:13] EDIT Glassic/controllers/default.py: 0
[2015-11-15 19:14:37] EDIT Glassic/controllers/default.py: 1
[2015-11-15 19:14:38] EDIT Glassic/controllers/default.py: 0
[2015-11-15 19:15:22] EDIT Glassic/controllers/default.py: 0
[2015-11-15 19:15:24] EDIT Glassic/controllers/default.py: 0
[2015-11-15 19:18:16] EDIT Glassic/controllers/default.py: 0
[2015-11-15 19:18:17] EDIT Glassic/controllers/default.py: 0
[2015-11-15 19:18:20] EDIT Glassic/controllers/default.py: 0
[2015-11-15 19:18:21] EDIT Glassic/controllers/default.py: 0
[2015-11-15 19:18:22] EDIT Glassic/controllers/default.py: 0
[2015-11-15 19:18:23] EDIT Glassic/controllers/default.py: 0
[2015-11-15 19:18:45] EDIT Glassic/controllers/default.py: 0
[2015-11-15 19:21:31] EDIT Glassic/controllers/default.py: 1
[2015-11-15 19:22:01] EDIT Glassic/controllers/default.py: -1
[2015-11-15 19:22:08] EDIT Glassic/controllers/default.py: 1
[2015-11-15 19:22:09] EDIT Glassic/controllers/default.py: 0
[2015-11-15 19:22:28] EDIT Glassic/controllers/default.py: 1
[2015-11-15 19:24:58] EDIT Glassic/models/menu.py: -1
[2015-11-15 19:25:08] EDIT Glassic/models/menu.py: 1
[2015-11-15 19:25:10] EDIT Glassic/models/menu.py: 0
[2015-11-15 19:27:12] EDIT Glassic/models/db.py: 1
[2015-11-15 19:27:16] EDIT Glassic/models/db.py: 1
[2015-11-15 19:27:31] EDIT Glassic/models/db.py: 2
[2015-11-15 19:27:37] EDIT Glassic/models/db.py: 0
[2015-11-15 19:27:42] EDIT Glassic/models/db.py: 0
[2015-11-15 19:27:47] EDIT Glassic/models/db.py: 0
[2015-11-15 19:27:51] EDIT Glassic/models/db.py: 0
[2015-11-15 19:27:57] EDIT Glassic/models/db.py: 0
[2015-11-15 19:28:05] EDIT Glassic/models/db.py: 0
[2015-11-15 19:28:10] EDIT Glassic/models/db.py: 0
[2015-11-15 19:28:16] EDIT Glassic/models/db.py: 0
[2015-11-15 19:28:42] EDIT Glassic/models/db.py: 0
[2015-11-15 19:28:48] EDIT Glassic/models/db.py: 0
[2015-11-15 19:28:50] EDIT Glassic/models/db.py: 0
