timestamp: 2015-11-13T20:08:41.925470
CREATE TABLE auth_user(
    id INTEGER PRIMARY KEY AUTOINCREMENT,
    first_name CHAR(128),
    last_name CHAR(128),
    email CHAR(512),
    username CHAR(128),
    password CHAR(512),
    registration_key CHAR(512),
    reset_password_key CHAR(512),
    registration_id CHAR(512),
    date_of_birth DATE,
    address CHAR(512),
    city CHAR(512),
    zip CHAR(512),
    phone CHAR(512),
    picture CHAR(512)
);
success!
timestamp: 2015-11-13T20:08:42.079578
CREATE TABLE auth_group(
    id INTEGER PRIMARY KEY AUTOINCREMENT,
    role CHAR(512),
    description TEXT
);
success!
timestamp: 2015-11-13T20:08:42.179711
CREATE TABLE auth_membership(
    id INTEGER PRIMARY KEY AUTOINCREMENT,
    user_id INTEGER REFERENCES auth_user (id) ON DELETE CASCADE  ,
    group_id INTEGER REFERENCES auth_group (id) ON DELETE CASCADE  
);
success!
timestamp: 2015-11-13T20:08:42.293844
CREATE TABLE auth_permission(
    id INTEGER PRIMARY KEY AUTOINCREMENT,
    group_id INTEGER REFERENCES auth_group (id) ON DELETE CASCADE  ,
    name CHAR(512),
    table_name CHAR(512),
    record_id INTEGER
);
success!
timestamp: 2015-11-13T20:08:42.428488
CREATE TABLE auth_event(
    id INTEGER PRIMARY KEY AUTOINCREMENT,
    time_stamp TIMESTAMP,
    client_ip CHAR(512),
    user_id INTEGER REFERENCES auth_user (id) ON DELETE CASCADE  ,
    origin CHAR(512),
    description TEXT
);
success!
timestamp: 2015-11-13T20:08:42.575258
CREATE TABLE auth_cas(
    id INTEGER PRIMARY KEY AUTOINCREMENT,
    user_id INTEGER REFERENCES auth_user (id) ON DELETE CASCADE  ,
    created_on TIMESTAMP,
    service CHAR(512),
    ticket CHAR(512),
    renew CHAR(1)
);
success!
timestamp: 2015-11-13T20:08:42.724308
CREATE TABLE category_type(
    id INTEGER PRIMARY KEY AUTOINCREMENT,
    name CHAR(512) NOT NULL UNIQUE
);
success!
timestamp: 2015-11-13T20:08:42.876239
CREATE TABLE style_type(
    id INTEGER PRIMARY KEY AUTOINCREMENT,
    name CHAR(512) NOT NULL UNIQUE
);
success!
timestamp: 2015-11-13T20:08:43.011174
CREATE TABLE shape_type(
    id INTEGER PRIMARY KEY AUTOINCREMENT,
    name CHAR(512) NOT NULL UNIQUE
);
success!
timestamp: 2015-11-13T20:08:43.157021
CREATE TABLE size_type(
    id INTEGER PRIMARY KEY AUTOINCREMENT,
    name CHAR(512) NOT NULL UNIQUE
);
success!
timestamp: 2015-11-13T20:08:43.291182
CREATE TABLE price_group_type(
    id INTEGER PRIMARY KEY AUTOINCREMENT,
    name CHAR(512) NOT NULL UNIQUE
);
success!
timestamp: 2015-11-13T20:08:43.442044
CREATE TABLE product(
    id INTEGER PRIMARY KEY AUTOINCREMENT,
    p_name CHAR(512) NOT NULL UNIQUE,
    p_category INTEGER REFERENCES category_type (id) ON DELETE CASCADE  ,
    p_style INTEGER REFERENCES style_type (id) ON DELETE CASCADE  ,
    p_shape INTEGER REFERENCES shape_type (id) ON DELETE CASCADE  ,
    p_size INTEGER REFERENCES size_type (id) ON DELETE CASCADE  ,
    p_price_group INTEGER REFERENCES price_group_type (id) ON DELETE CASCADE  ,
    p_price DOUBLE,
    p_image CHAR(512),
    p_sortable INTEGER,
    is_active CHAR(1),
    created_on TIMESTAMP,
    created_by INTEGER REFERENCES auth_user (id) ON DELETE CASCADE  ,
    modified_on TIMESTAMP,
    modified_by INTEGER REFERENCES auth_user (id) ON DELETE CASCADE  
);
success!
